{"level": "INFO", "timestamp": "2024-07-31 20:36:20", "message": "Initializing cells.", "test_id": "e6d9c8ee-93c6-487e-b2e8-b70297b36dc6"}
{"level": "INFO", "timestamp": "2024-07-31 20:36:20", "message": " A Cell 'Ax1242' has been created at '2024-07-31 20:36:20' in gNodeB 'W1140' with max capacity 10 ue.", "test_id": "e6d9c8ee-93c6-487e-b2e8-b70297b36dc6"}
{"level": "INFO", "timestamp": "2024-07-31 20:36:20", "message": "Cell 'Ax1242' has been added to gNodeB 'W1140'.", "test_id": "e6d9c8ee-93c6-487e-b2e8-b70297b36dc6"}
{"level": "INFO", "timestamp": "2024-07-31 20:36:20", "message": " A Cell 'BX1453' has been created at '2024-07-31 20:36:20' in gNodeB 'W1140' with max capacity 10 ue.", "test_id": "e6d9c8ee-93c6-487e-b2e8-b70297b36dc6"}
{"level": "INFO", "timestamp": "2024-07-31 20:36:20", "message": "Cell 'BX1453' has been added to gNodeB 'W1140'.", "test_id": "e6d9c8ee-93c6-487e-b2e8-b70297b36dc6"}
{"level": "INFO", "timestamp": "2024-07-31 20:36:20", "message": " A Cell 'CX1352' has been created at '2024-07-31 20:36:20' in gNodeB 'W1140' with max capacity 10 ue.", "test_id": "e6d9c8ee-93c6-487e-b2e8-b70297b36dc6"}
{"level": "INFO", "timestamp": "2024-07-31 20:36:20", "message": "Cell 'CX1352' has been added to gNodeB 'W1140'.", "test_id": "e6d9c8ee-93c6-487e-b2e8-b70297b36dc6"}
{"level": "INFO", "timestamp": "2024-07-31 20:36:20", "message": " A Cell 'AX1112' has been created at '2024-07-31 20:36:20' in gNodeB 'W1320' with max capacity 10 ue.", "test_id": "e6d9c8ee-93c6-487e-b2e8-b70297b36dc6"}
{"level": "INFO", "timestamp": "2024-07-31 20:36:20", "message": "Cell 'AX1112' has been added to gNodeB 'W1320'.", "test_id": "e6d9c8ee-93c6-487e-b2e8-b70297b36dc6"}
{"level": "INFO", "timestamp": "2024-07-31 20:36:20", "message": " A Cell 'BX1334' has been created at '2024-07-31 20:36:20' in gNodeB 'W1320' with max capacity 10 ue.", "test_id": "e6d9c8ee-93c6-487e-b2e8-b70297b36dc6"}
{"level": "INFO", "timestamp": "2024-07-31 20:36:20", "message": "Cell 'BX1334' has been added to gNodeB 'W1320'.", "test_id": "e6d9c8ee-93c6-487e-b2e8-b70297b36dc6"}
{"level": "INFO", "timestamp": "2024-07-31 20:36:20", "message": " A Cell 'CX1873' has been created at '2024-07-31 20:36:20' in gNodeB 'W1320' with max capacity 10 ue.", "test_id": "e6d9c8ee-93c6-487e-b2e8-b70297b36dc6"}
{"level": "INFO", "timestamp": "2024-07-31 20:36:20", "message": "Cell 'CX1873' has been added to gNodeB 'W1320'.", "test_id": "e6d9c8ee-93c6-487e-b2e8-b70297b36dc6"}
{"level": "INFO", "timestamp": "2024-07-31 20:36:20", "message": " A Cell 'AX9980' has been created at '2024-07-31 20:36:20' in gNodeB 'W2018' with max capacity 10 ue.", "test_id": "e6d9c8ee-93c6-487e-b2e8-b70297b36dc6"}
{"level": "INFO", "timestamp": "2024-07-31 20:36:20", "message": "Cell 'AX9980' has been added to gNodeB 'W2018'.", "test_id": "e6d9c8ee-93c6-487e-b2e8-b70297b36dc6"}
{"level": "INFO", "timestamp": "2024-07-31 20:36:20", "message": " A Cell 'BX1230' has been created at '2024-07-31 20:36:20' in gNodeB 'W2018' with max capacity 10 ue.", "test_id": "e6d9c8ee-93c6-487e-b2e8-b70297b36dc6"}
{"level": "INFO", "timestamp": "2024-07-31 20:36:20", "message": "Cell 'BX1230' has been added to gNodeB 'W2018'.", "test_id": "e6d9c8ee-93c6-487e-b2e8-b70297b36dc6"}
{"level": "INFO", "timestamp": "2024-07-31 20:36:20", "message": " A Cell 'CX5103' has been created at '2024-07-31 20:36:20' in gNodeB 'W2018' with max capacity 10 ue.", "test_id": "e6d9c8ee-93c6-487e-b2e8-b70297b36dc6"}
{"level": "INFO", "timestamp": "2024-07-31 20:36:20", "message": "Cell 'CX5103' has been added to gNodeB 'W2018'.", "test_id": "e6d9c8ee-93c6-487e-b2e8-b70297b36dc6"}
{"level": "INFO", "timestamp": "2024-07-31 20:36:20", "message": "Cells initialization completed.", "test_id": "e6d9c8ee-93c6-487e-b2e8-b70297b36dc6"}
{"level": "INFO", "timestamp": "2024-07-31 20:36:20", "message": "Sector 'Ax1242-A1' added to Cell 'Ax1242'.", "test_id": "e6d9c8ee-93c6-487e-b2e8-b70297b36dc6"}
{"level": "INFO", "timestamp": "2024-07-31 20:36:20", "message": "Sector 'Ax1242-A2' added to Cell 'Ax1242'.", "test_id": "e6d9c8ee-93c6-487e-b2e8-b70297b36dc6"}
{"level": "INFO", "timestamp": "2024-07-31 20:36:20", "message": "Sector 'Ax1242-A3' added to Cell 'Ax1242'.", "test_id": "e6d9c8ee-93c6-487e-b2e8-b70297b36dc6"}
{"level": "INFO", "timestamp": "2024-07-31 20:36:20", "message": "Sector 'BX1453-B1' added to Cell 'BX1453'.", "test_id": "e6d9c8ee-93c6-487e-b2e8-b70297b36dc6"}
{"level": "INFO", "timestamp": "2024-07-31 20:36:20", "message": "Sector 'BX1453-B2' added to Cell 'BX1453'.", "test_id": "e6d9c8ee-93c6-487e-b2e8-b70297b36dc6"}
{"level": "INFO", "timestamp": "2024-07-31 20:36:20", "message": "Sector 'BX1453-B3' added to Cell 'BX1453'.", "test_id": "e6d9c8ee-93c6-487e-b2e8-b70297b36dc6"}
{"level": "INFO", "timestamp": "2024-07-31 20:36:20", "message": "Sector 'CX1352-C1' added to Cell 'CX1352'.", "test_id": "e6d9c8ee-93c6-487e-b2e8-b70297b36dc6"}
{"level": "INFO", "timestamp": "2024-07-31 20:36:20", "message": "Sector 'CX1352-C2' added to Cell 'CX1352'.", "test_id": "e6d9c8ee-93c6-487e-b2e8-b70297b36dc6"}
{"level": "INFO", "timestamp": "2024-07-31 20:36:20", "message": "Sector 'CX1352-C3' added to Cell 'CX1352'.", "test_id": "e6d9c8ee-93c6-487e-b2e8-b70297b36dc6"}
{"level": "INFO", "timestamp": "2024-07-31 20:36:20", "message": "Sector 'AX1112-A1' added to Cell 'AX1112'.", "test_id": "e6d9c8ee-93c6-487e-b2e8-b70297b36dc6"}
{"level": "INFO", "timestamp": "2024-07-31 20:36:20", "message": "Sector 'AX1112-A2' added to Cell 'AX1112'.", "test_id": "e6d9c8ee-93c6-487e-b2e8-b70297b36dc6"}
{"level": "INFO", "timestamp": "2024-07-31 20:36:20", "message": "Sector 'AX1112-A3' added to Cell 'AX1112'.", "test_id": "e6d9c8ee-93c6-487e-b2e8-b70297b36dc6"}
{"level": "INFO", "timestamp": "2024-07-31 20:36:20", "message": "Sector 'BX1334-B1' added to Cell 'BX1334'.", "test_id": "e6d9c8ee-93c6-487e-b2e8-b70297b36dc6"}
{"level": "INFO", "timestamp": "2024-07-31 20:36:20", "message": "Sector 'BX1334-B2' added to Cell 'BX1334'.", "test_id": "e6d9c8ee-93c6-487e-b2e8-b70297b36dc6"}
{"level": "INFO", "timestamp": "2024-07-31 20:36:20", "message": "Sector 'BX1334-B3' added to Cell 'BX1334'.", "test_id": "e6d9c8ee-93c6-487e-b2e8-b70297b36dc6"}
{"level": "INFO", "timestamp": "2024-07-31 20:36:20", "message": "Sector 'CX1873-C1' added to Cell 'CX1873'.", "test_id": "e6d9c8ee-93c6-487e-b2e8-b70297b36dc6"}
{"level": "INFO", "timestamp": "2024-07-31 20:36:20", "message": "Sector 'CX1873-C2' added to Cell 'CX1873'.", "test_id": "e6d9c8ee-93c6-487e-b2e8-b70297b36dc6"}
{"level": "INFO", "timestamp": "2024-07-31 20:36:20", "message": "Sector 'CX1873-C3' added to Cell 'CX1873'.", "test_id": "e6d9c8ee-93c6-487e-b2e8-b70297b36dc6"}
{"level": "INFO", "timestamp": "2024-07-31 20:36:20", "message": "Sector 'AX9980-A1' added to Cell 'AX9980'.", "test_id": "e6d9c8ee-93c6-487e-b2e8-b70297b36dc6"}
{"level": "INFO", "timestamp": "2024-07-31 20:36:20", "message": "Sector 'AX9980-A2' added to Cell 'AX9980'.", "test_id": "e6d9c8ee-93c6-487e-b2e8-b70297b36dc6"}
{"level": "INFO", "timestamp": "2024-07-31 20:36:20", "message": "Sector 'AX9980-A3' added to Cell 'AX9980'.", "test_id": "e6d9c8ee-93c6-487e-b2e8-b70297b36dc6"}
{"level": "INFO", "timestamp": "2024-07-31 20:36:20", "message": "Sector 'BX1230-B1' added to Cell 'BX1230'.", "test_id": "e6d9c8ee-93c6-487e-b2e8-b70297b36dc6"}
{"level": "INFO", "timestamp": "2024-07-31 20:36:20", "message": "Sector 'BX1230-B2' added to Cell 'BX1230'.", "test_id": "e6d9c8ee-93c6-487e-b2e8-b70297b36dc6"}
{"level": "INFO", "timestamp": "2024-07-31 20:36:20", "message": "Sector 'BX1230-B3' added to Cell 'BX1230'.", "test_id": "e6d9c8ee-93c6-487e-b2e8-b70297b36dc6"}
{"level": "INFO", "timestamp": "2024-07-31 20:36:20", "message": "Sector 'CX5103-C1' added to Cell 'CX5103'.", "test_id": "e6d9c8ee-93c6-487e-b2e8-b70297b36dc6"}
{"level": "INFO", "timestamp": "2024-07-31 20:36:20", "message": "Sector 'CX5103-C2' added to Cell 'CX5103'.", "test_id": "e6d9c8ee-93c6-487e-b2e8-b70297b36dc6"}
{"level": "INFO", "timestamp": "2024-07-31 20:36:20", "message": "Sector 'CX5103-C3' added to Cell 'CX5103'.", "test_id": "e6d9c8ee-93c6-487e-b2e8-b70297b36dc6"}
{"level": "INFO", "timestamp": "2024-07-31 20:58:13", "message": "Initializing cells.", "test_id": "577accea-3c5b-4960-bb3d-a891bbe4b13b"}
{"level": "INFO", "timestamp": "2024-07-31 20:58:13", "message": " A Cell 'Ax1242' has been created at '2024-07-31 20:58:13' in gNodeB 'W1140' with max capacity 10 ue.", "test_id": "577accea-3c5b-4960-bb3d-a891bbe4b13b"}
{"level": "INFO", "timestamp": "2024-07-31 20:58:13", "message": "Cell 'Ax1242' has been added to gNodeB 'W1140'.", "test_id": "577accea-3c5b-4960-bb3d-a891bbe4b13b"}
{"level": "INFO", "timestamp": "2024-07-31 20:58:13", "message": " A Cell 'BX1453' has been created at '2024-07-31 20:58:13' in gNodeB 'W1140' with max capacity 10 ue.", "test_id": "577accea-3c5b-4960-bb3d-a891bbe4b13b"}
{"level": "INFO", "timestamp": "2024-07-31 20:58:13", "message": "Cell 'BX1453' has been added to gNodeB 'W1140'.", "test_id": "577accea-3c5b-4960-bb3d-a891bbe4b13b"}
{"level": "INFO", "timestamp": "2024-07-31 20:58:13", "message": " A Cell 'CX1352' has been created at '2024-07-31 20:58:13' in gNodeB 'W1140' with max capacity 10 ue.", "test_id": "577accea-3c5b-4960-bb3d-a891bbe4b13b"}
{"level": "INFO", "timestamp": "2024-07-31 20:58:13", "message": "Cell 'CX1352' has been added to gNodeB 'W1140'.", "test_id": "577accea-3c5b-4960-bb3d-a891bbe4b13b"}
{"level": "INFO", "timestamp": "2024-07-31 20:58:13", "message": " A Cell 'AX1112' has been created at '2024-07-31 20:58:13' in gNodeB 'W1320' with max capacity 10 ue.", "test_id": "577accea-3c5b-4960-bb3d-a891bbe4b13b"}
{"level": "INFO", "timestamp": "2024-07-31 20:58:13", "message": "Cell 'AX1112' has been added to gNodeB 'W1320'.", "test_id": "577accea-3c5b-4960-bb3d-a891bbe4b13b"}
{"level": "INFO", "timestamp": "2024-07-31 20:58:13", "message": " A Cell 'BX1334' has been created at '2024-07-31 20:58:13' in gNodeB 'W1320' with max capacity 10 ue.", "test_id": "577accea-3c5b-4960-bb3d-a891bbe4b13b"}
{"level": "INFO", "timestamp": "2024-07-31 20:58:13", "message": "Cell 'BX1334' has been added to gNodeB 'W1320'.", "test_id": "577accea-3c5b-4960-bb3d-a891bbe4b13b"}
{"level": "INFO", "timestamp": "2024-07-31 20:58:13", "message": " A Cell 'CX1873' has been created at '2024-07-31 20:58:13' in gNodeB 'W1320' with max capacity 10 ue.", "test_id": "577accea-3c5b-4960-bb3d-a891bbe4b13b"}
{"level": "INFO", "timestamp": "2024-07-31 20:58:13", "message": "Cell 'CX1873' has been added to gNodeB 'W1320'.", "test_id": "577accea-3c5b-4960-bb3d-a891bbe4b13b"}
{"level": "INFO", "timestamp": "2024-07-31 20:58:13", "message": " A Cell 'AX9980' has been created at '2024-07-31 20:58:13' in gNodeB 'W2018' with max capacity 10 ue.", "test_id": "577accea-3c5b-4960-bb3d-a891bbe4b13b"}
{"level": "INFO", "timestamp": "2024-07-31 20:58:13", "message": "Cell 'AX9980' has been added to gNodeB 'W2018'.", "test_id": "577accea-3c5b-4960-bb3d-a891bbe4b13b"}
{"level": "INFO", "timestamp": "2024-07-31 20:58:13", "message": " A Cell 'BX1230' has been created at '2024-07-31 20:58:13' in gNodeB 'W2018' with max capacity 10 ue.", "test_id": "577accea-3c5b-4960-bb3d-a891bbe4b13b"}
{"level": "INFO", "timestamp": "2024-07-31 20:58:13", "message": "Cell 'BX1230' has been added to gNodeB 'W2018'.", "test_id": "577accea-3c5b-4960-bb3d-a891bbe4b13b"}
{"level": "INFO", "timestamp": "2024-07-31 20:58:13", "message": " A Cell 'CX5103' has been created at '2024-07-31 20:58:13' in gNodeB 'W2018' with max capacity 10 ue.", "test_id": "577accea-3c5b-4960-bb3d-a891bbe4b13b"}
{"level": "INFO", "timestamp": "2024-07-31 20:58:13", "message": "Cell 'CX5103' has been added to gNodeB 'W2018'.", "test_id": "577accea-3c5b-4960-bb3d-a891bbe4b13b"}
{"level": "INFO", "timestamp": "2024-07-31 20:58:13", "message": "Cells initialization completed.", "test_id": "577accea-3c5b-4960-bb3d-a891bbe4b13b"}
{"level": "INFO", "timestamp": "2024-07-31 20:58:13", "message": "Sector 'Ax1242-A1' added to Cell 'Ax1242'.", "test_id": "577accea-3c5b-4960-bb3d-a891bbe4b13b"}
{"level": "INFO", "timestamp": "2024-07-31 20:58:13", "message": "Sector 'Ax1242-A2' added to Cell 'Ax1242'.", "test_id": "577accea-3c5b-4960-bb3d-a891bbe4b13b"}
{"level": "INFO", "timestamp": "2024-07-31 20:58:13", "message": "Sector 'Ax1242-A3' added to Cell 'Ax1242'.", "test_id": "577accea-3c5b-4960-bb3d-a891bbe4b13b"}
{"level": "INFO", "timestamp": "2024-07-31 20:58:13", "message": "Sector 'BX1453-B1' added to Cell 'BX1453'.", "test_id": "577accea-3c5b-4960-bb3d-a891bbe4b13b"}
{"level": "INFO", "timestamp": "2024-07-31 20:58:13", "message": "Sector 'BX1453-B2' added to Cell 'BX1453'.", "test_id": "577accea-3c5b-4960-bb3d-a891bbe4b13b"}
{"level": "INFO", "timestamp": "2024-07-31 20:58:13", "message": "Sector 'BX1453-B3' added to Cell 'BX1453'.", "test_id": "577accea-3c5b-4960-bb3d-a891bbe4b13b"}
{"level": "INFO", "timestamp": "2024-07-31 20:58:13", "message": "Sector 'CX1352-C1' added to Cell 'CX1352'.", "test_id": "577accea-3c5b-4960-bb3d-a891bbe4b13b"}
{"level": "INFO", "timestamp": "2024-07-31 20:58:13", "message": "Sector 'CX1352-C2' added to Cell 'CX1352'.", "test_id": "577accea-3c5b-4960-bb3d-a891bbe4b13b"}
{"level": "INFO", "timestamp": "2024-07-31 20:58:13", "message": "Sector 'CX1352-C3' added to Cell 'CX1352'.", "test_id": "577accea-3c5b-4960-bb3d-a891bbe4b13b"}
{"level": "INFO", "timestamp": "2024-07-31 20:58:13", "message": "Sector 'AX1112-A1' added to Cell 'AX1112'.", "test_id": "577accea-3c5b-4960-bb3d-a891bbe4b13b"}
{"level": "INFO", "timestamp": "2024-07-31 20:58:13", "message": "Sector 'AX1112-A2' added to Cell 'AX1112'.", "test_id": "577accea-3c5b-4960-bb3d-a891bbe4b13b"}
{"level": "INFO", "timestamp": "2024-07-31 20:58:13", "message": "Sector 'AX1112-A3' added to Cell 'AX1112'.", "test_id": "577accea-3c5b-4960-bb3d-a891bbe4b13b"}
{"level": "INFO", "timestamp": "2024-07-31 20:58:13", "message": "Sector 'BX1334-B1' added to Cell 'BX1334'.", "test_id": "577accea-3c5b-4960-bb3d-a891bbe4b13b"}
{"level": "INFO", "timestamp": "2024-07-31 20:58:13", "message": "Sector 'BX1334-B2' added to Cell 'BX1334'.", "test_id": "577accea-3c5b-4960-bb3d-a891bbe4b13b"}
{"level": "INFO", "timestamp": "2024-07-31 20:58:13", "message": "Sector 'BX1334-B3' added to Cell 'BX1334'.", "test_id": "577accea-3c5b-4960-bb3d-a891bbe4b13b"}
{"level": "INFO", "timestamp": "2024-07-31 20:58:13", "message": "Sector 'CX1873-C1' added to Cell 'CX1873'.", "test_id": "577accea-3c5b-4960-bb3d-a891bbe4b13b"}
{"level": "INFO", "timestamp": "2024-07-31 20:58:13", "message": "Sector 'CX1873-C2' added to Cell 'CX1873'.", "test_id": "577accea-3c5b-4960-bb3d-a891bbe4b13b"}
{"level": "INFO", "timestamp": "2024-07-31 20:58:13", "message": "Sector 'CX1873-C3' added to Cell 'CX1873'.", "test_id": "577accea-3c5b-4960-bb3d-a891bbe4b13b"}
{"level": "INFO", "timestamp": "2024-07-31 20:58:13", "message": "Sector 'AX9980-A1' added to Cell 'AX9980'.", "test_id": "577accea-3c5b-4960-bb3d-a891bbe4b13b"}
{"level": "INFO", "timestamp": "2024-07-31 20:58:13", "message": "Sector 'AX9980-A2' added to Cell 'AX9980'.", "test_id": "577accea-3c5b-4960-bb3d-a891bbe4b13b"}
{"level": "INFO", "timestamp": "2024-07-31 20:58:13", "message": "Sector 'AX9980-A3' added to Cell 'AX9980'.", "test_id": "577accea-3c5b-4960-bb3d-a891bbe4b13b"}
{"level": "INFO", "timestamp": "2024-07-31 20:58:13", "message": "Sector 'BX1230-B1' added to Cell 'BX1230'.", "test_id": "577accea-3c5b-4960-bb3d-a891bbe4b13b"}
{"level": "INFO", "timestamp": "2024-07-31 20:58:13", "message": "Sector 'BX1230-B2' added to Cell 'BX1230'.", "test_id": "577accea-3c5b-4960-bb3d-a891bbe4b13b"}
{"level": "INFO", "timestamp": "2024-07-31 20:58:13", "message": "Sector 'BX1230-B3' added to Cell 'BX1230'.", "test_id": "577accea-3c5b-4960-bb3d-a891bbe4b13b"}
{"level": "INFO", "timestamp": "2024-07-31 20:58:13", "message": "Sector 'CX5103-C1' added to Cell 'CX5103'.", "test_id": "577accea-3c5b-4960-bb3d-a891bbe4b13b"}
{"level": "INFO", "timestamp": "2024-07-31 20:58:13", "message": "Sector 'CX5103-C2' added to Cell 'CX5103'.", "test_id": "577accea-3c5b-4960-bb3d-a891bbe4b13b"}
{"level": "INFO", "timestamp": "2024-07-31 20:58:13", "message": "Sector 'CX5103-C3' added to Cell 'CX5103'.", "test_id": "577accea-3c5b-4960-bb3d-a891bbe4b13b"}
{"level": "INFO", "timestamp": "2024-08-01 00:02:58", "message": "Initializing cells.", "test_id": "7c18c2e6-4248-43e8-8c05-6ad3f94ad4ca"}
{"level": "INFO", "timestamp": "2024-08-01 00:02:58", "message": " A Cell 'Ax1242' has been created at '2024-08-01 00:02:58' in gNodeB 'W1140' with max capacity 10 ue.", "test_id": "7c18c2e6-4248-43e8-8c05-6ad3f94ad4ca"}
{"level": "INFO", "timestamp": "2024-08-01 00:02:58", "message": "Cell 'Ax1242' has been added to gNodeB 'W1140'.", "test_id": "7c18c2e6-4248-43e8-8c05-6ad3f94ad4ca"}
{"level": "INFO", "timestamp": "2024-08-01 00:02:58", "message": " A Cell 'BX1453' has been created at '2024-08-01 00:02:58' in gNodeB 'W1140' with max capacity 10 ue.", "test_id": "7c18c2e6-4248-43e8-8c05-6ad3f94ad4ca"}
{"level": "INFO", "timestamp": "2024-08-01 00:02:58", "message": "Cell 'BX1453' has been added to gNodeB 'W1140'.", "test_id": "7c18c2e6-4248-43e8-8c05-6ad3f94ad4ca"}
{"level": "INFO", "timestamp": "2024-08-01 00:02:58", "message": " A Cell 'CX1352' has been created at '2024-08-01 00:02:58' in gNodeB 'W1140' with max capacity 10 ue.", "test_id": "7c18c2e6-4248-43e8-8c05-6ad3f94ad4ca"}
{"level": "INFO", "timestamp": "2024-08-01 00:02:58", "message": "Cell 'CX1352' has been added to gNodeB 'W1140'.", "test_id": "7c18c2e6-4248-43e8-8c05-6ad3f94ad4ca"}
{"level": "INFO", "timestamp": "2024-08-01 00:02:58", "message": " A Cell 'AX1112' has been created at '2024-08-01 00:02:58' in gNodeB 'W1320' with max capacity 10 ue.", "test_id": "7c18c2e6-4248-43e8-8c05-6ad3f94ad4ca"}
{"level": "INFO", "timestamp": "2024-08-01 00:02:58", "message": "Cell 'AX1112' has been added to gNodeB 'W1320'.", "test_id": "7c18c2e6-4248-43e8-8c05-6ad3f94ad4ca"}
{"level": "INFO", "timestamp": "2024-08-01 00:02:58", "message": " A Cell 'BX1334' has been created at '2024-08-01 00:02:58' in gNodeB 'W1320' with max capacity 10 ue.", "test_id": "7c18c2e6-4248-43e8-8c05-6ad3f94ad4ca"}
{"level": "INFO", "timestamp": "2024-08-01 00:02:58", "message": "Cell 'BX1334' has been added to gNodeB 'W1320'.", "test_id": "7c18c2e6-4248-43e8-8c05-6ad3f94ad4ca"}
{"level": "INFO", "timestamp": "2024-08-01 00:02:58", "message": " A Cell 'CX1873' has been created at '2024-08-01 00:02:58' in gNodeB 'W1320' with max capacity 10 ue.", "test_id": "7c18c2e6-4248-43e8-8c05-6ad3f94ad4ca"}
{"level": "INFO", "timestamp": "2024-08-01 00:02:58", "message": "Cell 'CX1873' has been added to gNodeB 'W1320'.", "test_id": "7c18c2e6-4248-43e8-8c05-6ad3f94ad4ca"}
{"level": "INFO", "timestamp": "2024-08-01 00:02:58", "message": " A Cell 'AX9980' has been created at '2024-08-01 00:02:58' in gNodeB 'W2018' with max capacity 10 ue.", "test_id": "7c18c2e6-4248-43e8-8c05-6ad3f94ad4ca"}
{"level": "INFO", "timestamp": "2024-08-01 00:02:58", "message": "Cell 'AX9980' has been added to gNodeB 'W2018'.", "test_id": "7c18c2e6-4248-43e8-8c05-6ad3f94ad4ca"}
{"level": "INFO", "timestamp": "2024-08-01 00:02:58", "message": " A Cell 'BX1230' has been created at '2024-08-01 00:02:58' in gNodeB 'W2018' with max capacity 10 ue.", "test_id": "7c18c2e6-4248-43e8-8c05-6ad3f94ad4ca"}
{"level": "INFO", "timestamp": "2024-08-01 00:02:58", "message": "Cell 'BX1230' has been added to gNodeB 'W2018'.", "test_id": "7c18c2e6-4248-43e8-8c05-6ad3f94ad4ca"}
{"level": "INFO", "timestamp": "2024-08-01 00:02:58", "message": " A Cell 'CX5103' has been created at '2024-08-01 00:02:58' in gNodeB 'W2018' with max capacity 10 ue.", "test_id": "7c18c2e6-4248-43e8-8c05-6ad3f94ad4ca"}
{"level": "INFO", "timestamp": "2024-08-01 00:02:58", "message": "Cell 'CX5103' has been added to gNodeB 'W2018'.", "test_id": "7c18c2e6-4248-43e8-8c05-6ad3f94ad4ca"}
{"level": "INFO", "timestamp": "2024-08-01 00:02:58", "message": "Cells initialization completed.", "test_id": "7c18c2e6-4248-43e8-8c05-6ad3f94ad4ca"}
{"level": "INFO", "timestamp": "2024-08-01 00:02:58", "message": "Sector 'Ax1242-A1' added to Cell 'Ax1242'.", "test_id": "7c18c2e6-4248-43e8-8c05-6ad3f94ad4ca"}
{"level": "INFO", "timestamp": "2024-08-01 00:02:58", "message": "Sector 'Ax1242-A2' added to Cell 'Ax1242'.", "test_id": "7c18c2e6-4248-43e8-8c05-6ad3f94ad4ca"}
{"level": "INFO", "timestamp": "2024-08-01 00:02:58", "message": "Sector 'Ax1242-A3' added to Cell 'Ax1242'.", "test_id": "7c18c2e6-4248-43e8-8c05-6ad3f94ad4ca"}
{"level": "INFO", "timestamp": "2024-08-01 00:02:58", "message": "Sector 'BX1453-B1' added to Cell 'BX1453'.", "test_id": "7c18c2e6-4248-43e8-8c05-6ad3f94ad4ca"}
{"level": "INFO", "timestamp": "2024-08-01 00:02:58", "message": "Sector 'BX1453-B2' added to Cell 'BX1453'.", "test_id": "7c18c2e6-4248-43e8-8c05-6ad3f94ad4ca"}
{"level": "INFO", "timestamp": "2024-08-01 00:02:58", "message": "Sector 'BX1453-B3' added to Cell 'BX1453'.", "test_id": "7c18c2e6-4248-43e8-8c05-6ad3f94ad4ca"}
{"level": "INFO", "timestamp": "2024-08-01 00:02:58", "message": "Sector 'CX1352-C1' added to Cell 'CX1352'.", "test_id": "7c18c2e6-4248-43e8-8c05-6ad3f94ad4ca"}
{"level": "INFO", "timestamp": "2024-08-01 00:02:58", "message": "Sector 'CX1352-C2' added to Cell 'CX1352'.", "test_id": "7c18c2e6-4248-43e8-8c05-6ad3f94ad4ca"}
{"level": "INFO", "timestamp": "2024-08-01 00:02:58", "message": "Sector 'CX1352-C3' added to Cell 'CX1352'.", "test_id": "7c18c2e6-4248-43e8-8c05-6ad3f94ad4ca"}
{"level": "INFO", "timestamp": "2024-08-01 00:02:58", "message": "Sector 'AX1112-A1' added to Cell 'AX1112'.", "test_id": "7c18c2e6-4248-43e8-8c05-6ad3f94ad4ca"}
{"level": "INFO", "timestamp": "2024-08-01 00:02:58", "message": "Sector 'AX1112-A2' added to Cell 'AX1112'.", "test_id": "7c18c2e6-4248-43e8-8c05-6ad3f94ad4ca"}
{"level": "INFO", "timestamp": "2024-08-01 00:02:58", "message": "Sector 'AX1112-A3' added to Cell 'AX1112'.", "test_id": "7c18c2e6-4248-43e8-8c05-6ad3f94ad4ca"}
{"level": "INFO", "timestamp": "2024-08-01 00:02:58", "message": "Sector 'BX1334-B1' added to Cell 'BX1334'.", "test_id": "7c18c2e6-4248-43e8-8c05-6ad3f94ad4ca"}
{"level": "INFO", "timestamp": "2024-08-01 00:02:58", "message": "Sector 'BX1334-B2' added to Cell 'BX1334'.", "test_id": "7c18c2e6-4248-43e8-8c05-6ad3f94ad4ca"}
{"level": "INFO", "timestamp": "2024-08-01 00:02:58", "message": "Sector 'BX1334-B3' added to Cell 'BX1334'.", "test_id": "7c18c2e6-4248-43e8-8c05-6ad3f94ad4ca"}
{"level": "INFO", "timestamp": "2024-08-01 00:02:58", "message": "Sector 'CX1873-C1' added to Cell 'CX1873'.", "test_id": "7c18c2e6-4248-43e8-8c05-6ad3f94ad4ca"}
{"level": "INFO", "timestamp": "2024-08-01 00:02:58", "message": "Sector 'CX1873-C2' added to Cell 'CX1873'.", "test_id": "7c18c2e6-4248-43e8-8c05-6ad3f94ad4ca"}
{"level": "INFO", "timestamp": "2024-08-01 00:02:58", "message": "Sector 'CX1873-C3' added to Cell 'CX1873'.", "test_id": "7c18c2e6-4248-43e8-8c05-6ad3f94ad4ca"}
{"level": "INFO", "timestamp": "2024-08-01 00:02:58", "message": "Sector 'AX9980-A1' added to Cell 'AX9980'.", "test_id": "7c18c2e6-4248-43e8-8c05-6ad3f94ad4ca"}
{"level": "INFO", "timestamp": "2024-08-01 00:02:58", "message": "Sector 'AX9980-A2' added to Cell 'AX9980'.", "test_id": "7c18c2e6-4248-43e8-8c05-6ad3f94ad4ca"}
{"level": "INFO", "timestamp": "2024-08-01 00:02:58", "message": "Sector 'AX9980-A3' added to Cell 'AX9980'.", "test_id": "7c18c2e6-4248-43e8-8c05-6ad3f94ad4ca"}
{"level": "INFO", "timestamp": "2024-08-01 00:02:58", "message": "Sector 'BX1230-B1' added to Cell 'BX1230'.", "test_id": "7c18c2e6-4248-43e8-8c05-6ad3f94ad4ca"}
{"level": "INFO", "timestamp": "2024-08-01 00:02:58", "message": "Sector 'BX1230-B2' added to Cell 'BX1230'.", "test_id": "7c18c2e6-4248-43e8-8c05-6ad3f94ad4ca"}
{"level": "INFO", "timestamp": "2024-08-01 00:02:58", "message": "Sector 'BX1230-B3' added to Cell 'BX1230'.", "test_id": "7c18c2e6-4248-43e8-8c05-6ad3f94ad4ca"}
{"level": "INFO", "timestamp": "2024-08-01 00:02:58", "message": "Sector 'CX5103-C1' added to Cell 'CX5103'.", "test_id": "7c18c2e6-4248-43e8-8c05-6ad3f94ad4ca"}
{"level": "INFO", "timestamp": "2024-08-01 00:02:58", "message": "Sector 'CX5103-C2' added to Cell 'CX5103'.", "test_id": "7c18c2e6-4248-43e8-8c05-6ad3f94ad4ca"}
{"level": "INFO", "timestamp": "2024-08-01 00:02:58", "message": "Sector 'CX5103-C3' added to Cell 'CX5103'.", "test_id": "7c18c2e6-4248-43e8-8c05-6ad3f94ad4ca"}
{"level": "INFO", "timestamp": "2024-08-01 00:08:32", "message": "Initializing cells.", "test_id": "a24b7414-cda5-4e60-a713-dc0f0e202dc7"}
{"level": "INFO", "timestamp": "2024-08-01 00:08:32", "message": " A Cell 'Ax1242' has been created at '2024-08-01 00:08:32' in gNodeB 'W1140' with max capacity 10 ue.", "test_id": "a24b7414-cda5-4e60-a713-dc0f0e202dc7"}
{"level": "INFO", "timestamp": "2024-08-01 00:08:32", "message": "Cell 'Ax1242' has been added to gNodeB 'W1140'.", "test_id": "a24b7414-cda5-4e60-a713-dc0f0e202dc7"}
{"level": "INFO", "timestamp": "2024-08-01 00:08:32", "message": " A Cell 'BX1453' has been created at '2024-08-01 00:08:32' in gNodeB 'W1140' with max capacity 10 ue.", "test_id": "a24b7414-cda5-4e60-a713-dc0f0e202dc7"}
{"level": "INFO", "timestamp": "2024-08-01 00:08:32", "message": "Cell 'BX1453' has been added to gNodeB 'W1140'.", "test_id": "a24b7414-cda5-4e60-a713-dc0f0e202dc7"}
{"level": "INFO", "timestamp": "2024-08-01 00:08:32", "message": " A Cell 'CX1352' has been created at '2024-08-01 00:08:32' in gNodeB 'W1140' with max capacity 10 ue.", "test_id": "a24b7414-cda5-4e60-a713-dc0f0e202dc7"}
{"level": "INFO", "timestamp": "2024-08-01 00:08:32", "message": "Cell 'CX1352' has been added to gNodeB 'W1140'.", "test_id": "a24b7414-cda5-4e60-a713-dc0f0e202dc7"}
{"level": "INFO", "timestamp": "2024-08-01 00:08:32", "message": " A Cell 'AX1112' has been created at '2024-08-01 00:08:32' in gNodeB 'W1320' with max capacity 10 ue.", "test_id": "a24b7414-cda5-4e60-a713-dc0f0e202dc7"}
{"level": "INFO", "timestamp": "2024-08-01 00:08:32", "message": "Cell 'AX1112' has been added to gNodeB 'W1320'.", "test_id": "a24b7414-cda5-4e60-a713-dc0f0e202dc7"}
{"level": "INFO", "timestamp": "2024-08-01 00:08:32", "message": " A Cell 'BX1334' has been created at '2024-08-01 00:08:32' in gNodeB 'W1320' with max capacity 10 ue.", "test_id": "a24b7414-cda5-4e60-a713-dc0f0e202dc7"}
{"level": "INFO", "timestamp": "2024-08-01 00:08:32", "message": "Cell 'BX1334' has been added to gNodeB 'W1320'.", "test_id": "a24b7414-cda5-4e60-a713-dc0f0e202dc7"}
{"level": "INFO", "timestamp": "2024-08-01 00:08:32", "message": " A Cell 'CX1873' has been created at '2024-08-01 00:08:32' in gNodeB 'W1320' with max capacity 10 ue.", "test_id": "a24b7414-cda5-4e60-a713-dc0f0e202dc7"}
{"level": "INFO", "timestamp": "2024-08-01 00:08:32", "message": "Cell 'CX1873' has been added to gNodeB 'W1320'.", "test_id": "a24b7414-cda5-4e60-a713-dc0f0e202dc7"}
{"level": "INFO", "timestamp": "2024-08-01 00:08:32", "message": " A Cell 'AX9980' has been created at '2024-08-01 00:08:32' in gNodeB 'W2018' with max capacity 10 ue.", "test_id": "a24b7414-cda5-4e60-a713-dc0f0e202dc7"}
{"level": "INFO", "timestamp": "2024-08-01 00:08:32", "message": "Cell 'AX9980' has been added to gNodeB 'W2018'.", "test_id": "a24b7414-cda5-4e60-a713-dc0f0e202dc7"}
{"level": "INFO", "timestamp": "2024-08-01 00:08:32", "message": " A Cell 'BX1230' has been created at '2024-08-01 00:08:32' in gNodeB 'W2018' with max capacity 10 ue.", "test_id": "a24b7414-cda5-4e60-a713-dc0f0e202dc7"}
{"level": "INFO", "timestamp": "2024-08-01 00:08:32", "message": "Cell 'BX1230' has been added to gNodeB 'W2018'.", "test_id": "a24b7414-cda5-4e60-a713-dc0f0e202dc7"}
{"level": "INFO", "timestamp": "2024-08-01 00:08:32", "message": " A Cell 'CX5103' has been created at '2024-08-01 00:08:32' in gNodeB 'W2018' with max capacity 10 ue.", "test_id": "a24b7414-cda5-4e60-a713-dc0f0e202dc7"}
{"level": "INFO", "timestamp": "2024-08-01 00:08:32", "message": "Cell 'CX5103' has been added to gNodeB 'W2018'.", "test_id": "a24b7414-cda5-4e60-a713-dc0f0e202dc7"}
{"level": "INFO", "timestamp": "2024-08-01 00:08:32", "message": "Cells initialization completed.", "test_id": "a24b7414-cda5-4e60-a713-dc0f0e202dc7"}
{"level": "INFO", "timestamp": "2024-08-01 00:08:32", "message": "Sector 'Ax1242-A1' added to Cell 'Ax1242'.", "test_id": "a24b7414-cda5-4e60-a713-dc0f0e202dc7"}
{"level": "INFO", "timestamp": "2024-08-01 00:08:32", "message": "Sector 'Ax1242-A2' added to Cell 'Ax1242'.", "test_id": "a24b7414-cda5-4e60-a713-dc0f0e202dc7"}
{"level": "INFO", "timestamp": "2024-08-01 00:08:32", "message": "Sector 'Ax1242-A3' added to Cell 'Ax1242'.", "test_id": "a24b7414-cda5-4e60-a713-dc0f0e202dc7"}
{"level": "INFO", "timestamp": "2024-08-01 00:08:32", "message": "Sector 'BX1453-B1' added to Cell 'BX1453'.", "test_id": "a24b7414-cda5-4e60-a713-dc0f0e202dc7"}
{"level": "INFO", "timestamp": "2024-08-01 00:08:32", "message": "Sector 'BX1453-B2' added to Cell 'BX1453'.", "test_id": "a24b7414-cda5-4e60-a713-dc0f0e202dc7"}
{"level": "INFO", "timestamp": "2024-08-01 00:08:32", "message": "Sector 'BX1453-B3' added to Cell 'BX1453'.", "test_id": "a24b7414-cda5-4e60-a713-dc0f0e202dc7"}
{"level": "INFO", "timestamp": "2024-08-01 00:08:32", "message": "Sector 'CX1352-C1' added to Cell 'CX1352'.", "test_id": "a24b7414-cda5-4e60-a713-dc0f0e202dc7"}
{"level": "INFO", "timestamp": "2024-08-01 00:08:32", "message": "Sector 'CX1352-C2' added to Cell 'CX1352'.", "test_id": "a24b7414-cda5-4e60-a713-dc0f0e202dc7"}
{"level": "INFO", "timestamp": "2024-08-01 00:08:32", "message": "Sector 'CX1352-C3' added to Cell 'CX1352'.", "test_id": "a24b7414-cda5-4e60-a713-dc0f0e202dc7"}
{"level": "INFO", "timestamp": "2024-08-01 00:08:32", "message": "Sector 'AX1112-A1' added to Cell 'AX1112'.", "test_id": "a24b7414-cda5-4e60-a713-dc0f0e202dc7"}
{"level": "INFO", "timestamp": "2024-08-01 00:08:32", "message": "Sector 'AX1112-A2' added to Cell 'AX1112'.", "test_id": "a24b7414-cda5-4e60-a713-dc0f0e202dc7"}
{"level": "INFO", "timestamp": "2024-08-01 00:08:32", "message": "Sector 'AX1112-A3' added to Cell 'AX1112'.", "test_id": "a24b7414-cda5-4e60-a713-dc0f0e202dc7"}
{"level": "INFO", "timestamp": "2024-08-01 00:08:32", "message": "Sector 'BX1334-B1' added to Cell 'BX1334'.", "test_id": "a24b7414-cda5-4e60-a713-dc0f0e202dc7"}
{"level": "INFO", "timestamp": "2024-08-01 00:08:32", "message": "Sector 'BX1334-B2' added to Cell 'BX1334'.", "test_id": "a24b7414-cda5-4e60-a713-dc0f0e202dc7"}
{"level": "INFO", "timestamp": "2024-08-01 00:08:32", "message": "Sector 'BX1334-B3' added to Cell 'BX1334'.", "test_id": "a24b7414-cda5-4e60-a713-dc0f0e202dc7"}
{"level": "INFO", "timestamp": "2024-08-01 00:08:32", "message": "Sector 'CX1873-C1' added to Cell 'CX1873'.", "test_id": "a24b7414-cda5-4e60-a713-dc0f0e202dc7"}
{"level": "INFO", "timestamp": "2024-08-01 00:08:32", "message": "Sector 'CX1873-C2' added to Cell 'CX1873'.", "test_id": "a24b7414-cda5-4e60-a713-dc0f0e202dc7"}
{"level": "INFO", "timestamp": "2024-08-01 00:08:32", "message": "Sector 'CX1873-C3' added to Cell 'CX1873'.", "test_id": "a24b7414-cda5-4e60-a713-dc0f0e202dc7"}
{"level": "INFO", "timestamp": "2024-08-01 00:08:32", "message": "Sector 'AX9980-A1' added to Cell 'AX9980'.", "test_id": "a24b7414-cda5-4e60-a713-dc0f0e202dc7"}
{"level": "INFO", "timestamp": "2024-08-01 00:08:32", "message": "Sector 'AX9980-A2' added to Cell 'AX9980'.", "test_id": "a24b7414-cda5-4e60-a713-dc0f0e202dc7"}
{"level": "INFO", "timestamp": "2024-08-01 00:08:32", "message": "Sector 'AX9980-A3' added to Cell 'AX9980'.", "test_id": "a24b7414-cda5-4e60-a713-dc0f0e202dc7"}
{"level": "INFO", "timestamp": "2024-08-01 00:08:32", "message": "Sector 'BX1230-B1' added to Cell 'BX1230'.", "test_id": "a24b7414-cda5-4e60-a713-dc0f0e202dc7"}
{"level": "INFO", "timestamp": "2024-08-01 00:08:32", "message": "Sector 'BX1230-B2' added to Cell 'BX1230'.", "test_id": "a24b7414-cda5-4e60-a713-dc0f0e202dc7"}
{"level": "INFO", "timestamp": "2024-08-01 00:08:32", "message": "Sector 'BX1230-B3' added to Cell 'BX1230'.", "test_id": "a24b7414-cda5-4e60-a713-dc0f0e202dc7"}
{"level": "INFO", "timestamp": "2024-08-01 00:08:32", "message": "Sector 'CX5103-C1' added to Cell 'CX5103'.", "test_id": "a24b7414-cda5-4e60-a713-dc0f0e202dc7"}
{"level": "INFO", "timestamp": "2024-08-01 00:08:32", "message": "Sector 'CX5103-C2' added to Cell 'CX5103'.", "test_id": "a24b7414-cda5-4e60-a713-dc0f0e202dc7"}
{"level": "INFO", "timestamp": "2024-08-01 00:08:32", "message": "Sector 'CX5103-C3' added to Cell 'CX5103'.", "test_id": "a24b7414-cda5-4e60-a713-dc0f0e202dc7"}
{"level": "INFO", "timestamp": "2024-08-01 00:11:12", "message": "Initializing cells.", "test_id": "0e8ca915-4761-4c3a-b07f-07abf08ace2f"}
{"level": "INFO", "timestamp": "2024-08-01 00:11:12", "message": " A Cell 'Ax1242' has been created at '2024-08-01 00:11:12' in gNodeB 'W1140' with max capacity 10 ue.", "test_id": "0e8ca915-4761-4c3a-b07f-07abf08ace2f"}
{"level": "INFO", "timestamp": "2024-08-01 00:11:12", "message": "Cell 'Ax1242' has been added to gNodeB 'W1140'.", "test_id": "0e8ca915-4761-4c3a-b07f-07abf08ace2f"}
{"level": "INFO", "timestamp": "2024-08-01 00:11:12", "message": " A Cell 'BX1453' has been created at '2024-08-01 00:11:12' in gNodeB 'W1140' with max capacity 10 ue.", "test_id": "0e8ca915-4761-4c3a-b07f-07abf08ace2f"}
{"level": "INFO", "timestamp": "2024-08-01 00:11:12", "message": "Cell 'BX1453' has been added to gNodeB 'W1140'.", "test_id": "0e8ca915-4761-4c3a-b07f-07abf08ace2f"}
{"level": "INFO", "timestamp": "2024-08-01 00:11:12", "message": " A Cell 'CX1352' has been created at '2024-08-01 00:11:12' in gNodeB 'W1140' with max capacity 10 ue.", "test_id": "0e8ca915-4761-4c3a-b07f-07abf08ace2f"}
{"level": "INFO", "timestamp": "2024-08-01 00:11:12", "message": "Cell 'CX1352' has been added to gNodeB 'W1140'.", "test_id": "0e8ca915-4761-4c3a-b07f-07abf08ace2f"}
{"level": "INFO", "timestamp": "2024-08-01 00:11:12", "message": " A Cell 'AX1112' has been created at '2024-08-01 00:11:12' in gNodeB 'W1320' with max capacity 10 ue.", "test_id": "0e8ca915-4761-4c3a-b07f-07abf08ace2f"}
{"level": "INFO", "timestamp": "2024-08-01 00:11:12", "message": "Cell 'AX1112' has been added to gNodeB 'W1320'.", "test_id": "0e8ca915-4761-4c3a-b07f-07abf08ace2f"}
{"level": "INFO", "timestamp": "2024-08-01 00:11:12", "message": " A Cell 'BX1334' has been created at '2024-08-01 00:11:12' in gNodeB 'W1320' with max capacity 10 ue.", "test_id": "0e8ca915-4761-4c3a-b07f-07abf08ace2f"}
{"level": "INFO", "timestamp": "2024-08-01 00:11:12", "message": "Cell 'BX1334' has been added to gNodeB 'W1320'.", "test_id": "0e8ca915-4761-4c3a-b07f-07abf08ace2f"}
{"level": "INFO", "timestamp": "2024-08-01 00:11:12", "message": " A Cell 'CX1873' has been created at '2024-08-01 00:11:12' in gNodeB 'W1320' with max capacity 10 ue.", "test_id": "0e8ca915-4761-4c3a-b07f-07abf08ace2f"}
{"level": "INFO", "timestamp": "2024-08-01 00:11:12", "message": "Cell 'CX1873' has been added to gNodeB 'W1320'.", "test_id": "0e8ca915-4761-4c3a-b07f-07abf08ace2f"}
{"level": "INFO", "timestamp": "2024-08-01 00:11:12", "message": " A Cell 'AX9980' has been created at '2024-08-01 00:11:12' in gNodeB 'W2018' with max capacity 10 ue.", "test_id": "0e8ca915-4761-4c3a-b07f-07abf08ace2f"}
{"level": "INFO", "timestamp": "2024-08-01 00:11:12", "message": "Cell 'AX9980' has been added to gNodeB 'W2018'.", "test_id": "0e8ca915-4761-4c3a-b07f-07abf08ace2f"}
{"level": "INFO", "timestamp": "2024-08-01 00:11:12", "message": " A Cell 'BX1230' has been created at '2024-08-01 00:11:12' in gNodeB 'W2018' with max capacity 10 ue.", "test_id": "0e8ca915-4761-4c3a-b07f-07abf08ace2f"}
{"level": "INFO", "timestamp": "2024-08-01 00:11:12", "message": "Cell 'BX1230' has been added to gNodeB 'W2018'.", "test_id": "0e8ca915-4761-4c3a-b07f-07abf08ace2f"}
{"level": "INFO", "timestamp": "2024-08-01 00:11:12", "message": " A Cell 'CX5103' has been created at '2024-08-01 00:11:12' in gNodeB 'W2018' with max capacity 10 ue.", "test_id": "0e8ca915-4761-4c3a-b07f-07abf08ace2f"}
{"level": "INFO", "timestamp": "2024-08-01 00:11:12", "message": "Cell 'CX5103' has been added to gNodeB 'W2018'.", "test_id": "0e8ca915-4761-4c3a-b07f-07abf08ace2f"}
{"level": "INFO", "timestamp": "2024-08-01 00:11:12", "message": "Cells initialization completed.", "test_id": "0e8ca915-4761-4c3a-b07f-07abf08ace2f"}
{"level": "INFO", "timestamp": "2024-08-01 00:11:12", "message": "Sector 'Ax1242-A1' added to Cell 'Ax1242'.", "test_id": "0e8ca915-4761-4c3a-b07f-07abf08ace2f"}
{"level": "INFO", "timestamp": "2024-08-01 00:11:12", "message": "Sector 'Ax1242-A2' added to Cell 'Ax1242'.", "test_id": "0e8ca915-4761-4c3a-b07f-07abf08ace2f"}
{"level": "INFO", "timestamp": "2024-08-01 00:11:12", "message": "Sector 'Ax1242-A3' added to Cell 'Ax1242'.", "test_id": "0e8ca915-4761-4c3a-b07f-07abf08ace2f"}
{"level": "INFO", "timestamp": "2024-08-01 00:11:12", "message": "Sector 'BX1453-B1' added to Cell 'BX1453'.", "test_id": "0e8ca915-4761-4c3a-b07f-07abf08ace2f"}
{"level": "INFO", "timestamp": "2024-08-01 00:11:12", "message": "Sector 'BX1453-B2' added to Cell 'BX1453'.", "test_id": "0e8ca915-4761-4c3a-b07f-07abf08ace2f"}
{"level": "INFO", "timestamp": "2024-08-01 00:11:12", "message": "Sector 'BX1453-B3' added to Cell 'BX1453'.", "test_id": "0e8ca915-4761-4c3a-b07f-07abf08ace2f"}
{"level": "INFO", "timestamp": "2024-08-01 00:11:12", "message": "Sector 'CX1352-C1' added to Cell 'CX1352'.", "test_id": "0e8ca915-4761-4c3a-b07f-07abf08ace2f"}
{"level": "INFO", "timestamp": "2024-08-01 00:11:12", "message": "Sector 'CX1352-C2' added to Cell 'CX1352'.", "test_id": "0e8ca915-4761-4c3a-b07f-07abf08ace2f"}
{"level": "INFO", "timestamp": "2024-08-01 00:11:12", "message": "Sector 'CX1352-C3' added to Cell 'CX1352'.", "test_id": "0e8ca915-4761-4c3a-b07f-07abf08ace2f"}
{"level": "INFO", "timestamp": "2024-08-01 00:11:12", "message": "Sector 'AX1112-A1' added to Cell 'AX1112'.", "test_id": "0e8ca915-4761-4c3a-b07f-07abf08ace2f"}
{"level": "INFO", "timestamp": "2024-08-01 00:11:12", "message": "Sector 'AX1112-A2' added to Cell 'AX1112'.", "test_id": "0e8ca915-4761-4c3a-b07f-07abf08ace2f"}
{"level": "INFO", "timestamp": "2024-08-01 00:11:12", "message": "Sector 'AX1112-A3' added to Cell 'AX1112'.", "test_id": "0e8ca915-4761-4c3a-b07f-07abf08ace2f"}
{"level": "INFO", "timestamp": "2024-08-01 00:11:12", "message": "Sector 'BX1334-B1' added to Cell 'BX1334'.", "test_id": "0e8ca915-4761-4c3a-b07f-07abf08ace2f"}
{"level": "INFO", "timestamp": "2024-08-01 00:11:12", "message": "Sector 'BX1334-B2' added to Cell 'BX1334'.", "test_id": "0e8ca915-4761-4c3a-b07f-07abf08ace2f"}
{"level": "INFO", "timestamp": "2024-08-01 00:11:12", "message": "Sector 'BX1334-B3' added to Cell 'BX1334'.", "test_id": "0e8ca915-4761-4c3a-b07f-07abf08ace2f"}
{"level": "INFO", "timestamp": "2024-08-01 00:11:12", "message": "Sector 'CX1873-C1' added to Cell 'CX1873'.", "test_id": "0e8ca915-4761-4c3a-b07f-07abf08ace2f"}
{"level": "INFO", "timestamp": "2024-08-01 00:11:12", "message": "Sector 'CX1873-C2' added to Cell 'CX1873'.", "test_id": "0e8ca915-4761-4c3a-b07f-07abf08ace2f"}
{"level": "INFO", "timestamp": "2024-08-01 00:11:12", "message": "Sector 'CX1873-C3' added to Cell 'CX1873'.", "test_id": "0e8ca915-4761-4c3a-b07f-07abf08ace2f"}
{"level": "INFO", "timestamp": "2024-08-01 00:11:12", "message": "Sector 'AX9980-A1' added to Cell 'AX9980'.", "test_id": "0e8ca915-4761-4c3a-b07f-07abf08ace2f"}
{"level": "INFO", "timestamp": "2024-08-01 00:11:12", "message": "Sector 'AX9980-A2' added to Cell 'AX9980'.", "test_id": "0e8ca915-4761-4c3a-b07f-07abf08ace2f"}
{"level": "INFO", "timestamp": "2024-08-01 00:11:12", "message": "Sector 'AX9980-A3' added to Cell 'AX9980'.", "test_id": "0e8ca915-4761-4c3a-b07f-07abf08ace2f"}
{"level": "INFO", "timestamp": "2024-08-01 00:11:12", "message": "Sector 'BX1230-B1' added to Cell 'BX1230'.", "test_id": "0e8ca915-4761-4c3a-b07f-07abf08ace2f"}
{"level": "INFO", "timestamp": "2024-08-01 00:11:12", "message": "Sector 'BX1230-B2' added to Cell 'BX1230'.", "test_id": "0e8ca915-4761-4c3a-b07f-07abf08ace2f"}
{"level": "INFO", "timestamp": "2024-08-01 00:11:12", "message": "Sector 'BX1230-B3' added to Cell 'BX1230'.", "test_id": "0e8ca915-4761-4c3a-b07f-07abf08ace2f"}
{"level": "INFO", "timestamp": "2024-08-01 00:11:12", "message": "Sector 'CX5103-C1' added to Cell 'CX5103'.", "test_id": "0e8ca915-4761-4c3a-b07f-07abf08ace2f"}
{"level": "INFO", "timestamp": "2024-08-01 00:11:12", "message": "Sector 'CX5103-C2' added to Cell 'CX5103'.", "test_id": "0e8ca915-4761-4c3a-b07f-07abf08ace2f"}
{"level": "INFO", "timestamp": "2024-08-01 00:11:12", "message": "Sector 'CX5103-C3' added to Cell 'CX5103'.", "test_id": "0e8ca915-4761-4c3a-b07f-07abf08ace2f"}
{"level": "INFO", "timestamp": "2024-08-01 00:19:15", "message": "Initializing cells.", "test_id": "99d0ae57-833c-4165-9de1-25029fe85d74"}
{"level": "INFO", "timestamp": "2024-08-01 00:19:15", "message": " A Cell 'Ax1242' has been created at '2024-08-01 00:19:15' in gNodeB 'W1140' with max capacity 10 ue.", "test_id": "99d0ae57-833c-4165-9de1-25029fe85d74"}
{"level": "INFO", "timestamp": "2024-08-01 00:19:15", "message": "Cell 'Ax1242' has been added to gNodeB 'W1140'.", "test_id": "99d0ae57-833c-4165-9de1-25029fe85d74"}
{"level": "INFO", "timestamp": "2024-08-01 00:19:15", "message": " A Cell 'BX1453' has been created at '2024-08-01 00:19:15' in gNodeB 'W1140' with max capacity 10 ue.", "test_id": "99d0ae57-833c-4165-9de1-25029fe85d74"}
{"level": "INFO", "timestamp": "2024-08-01 00:19:15", "message": "Cell 'BX1453' has been added to gNodeB 'W1140'.", "test_id": "99d0ae57-833c-4165-9de1-25029fe85d74"}
{"level": "INFO", "timestamp": "2024-08-01 00:19:15", "message": " A Cell 'CX1352' has been created at '2024-08-01 00:19:15' in gNodeB 'W1140' with max capacity 10 ue.", "test_id": "99d0ae57-833c-4165-9de1-25029fe85d74"}
{"level": "INFO", "timestamp": "2024-08-01 00:19:15", "message": "Cell 'CX1352' has been added to gNodeB 'W1140'.", "test_id": "99d0ae57-833c-4165-9de1-25029fe85d74"}
{"level": "INFO", "timestamp": "2024-08-01 00:19:15", "message": " A Cell 'AX1112' has been created at '2024-08-01 00:19:15' in gNodeB 'W1320' with max capacity 10 ue.", "test_id": "99d0ae57-833c-4165-9de1-25029fe85d74"}
{"level": "INFO", "timestamp": "2024-08-01 00:19:15", "message": "Cell 'AX1112' has been added to gNodeB 'W1320'.", "test_id": "99d0ae57-833c-4165-9de1-25029fe85d74"}
{"level": "INFO", "timestamp": "2024-08-01 00:19:15", "message": " A Cell 'BX1334' has been created at '2024-08-01 00:19:15' in gNodeB 'W1320' with max capacity 10 ue.", "test_id": "99d0ae57-833c-4165-9de1-25029fe85d74"}
{"level": "INFO", "timestamp": "2024-08-01 00:19:15", "message": "Cell 'BX1334' has been added to gNodeB 'W1320'.", "test_id": "99d0ae57-833c-4165-9de1-25029fe85d74"}
{"level": "INFO", "timestamp": "2024-08-01 00:19:15", "message": " A Cell 'CX1873' has been created at '2024-08-01 00:19:15' in gNodeB 'W1320' with max capacity 10 ue.", "test_id": "99d0ae57-833c-4165-9de1-25029fe85d74"}
{"level": "INFO", "timestamp": "2024-08-01 00:19:15", "message": "Cell 'CX1873' has been added to gNodeB 'W1320'.", "test_id": "99d0ae57-833c-4165-9de1-25029fe85d74"}
{"level": "INFO", "timestamp": "2024-08-01 00:19:15", "message": " A Cell 'AX9980' has been created at '2024-08-01 00:19:15' in gNodeB 'W2018' with max capacity 10 ue.", "test_id": "99d0ae57-833c-4165-9de1-25029fe85d74"}
{"level": "INFO", "timestamp": "2024-08-01 00:19:15", "message": "Cell 'AX9980' has been added to gNodeB 'W2018'.", "test_id": "99d0ae57-833c-4165-9de1-25029fe85d74"}
{"level": "INFO", "timestamp": "2024-08-01 00:19:15", "message": " A Cell 'BX1230' has been created at '2024-08-01 00:19:15' in gNodeB 'W2018' with max capacity 10 ue.", "test_id": "99d0ae57-833c-4165-9de1-25029fe85d74"}
{"level": "INFO", "timestamp": "2024-08-01 00:19:15", "message": "Cell 'BX1230' has been added to gNodeB 'W2018'.", "test_id": "99d0ae57-833c-4165-9de1-25029fe85d74"}
{"level": "INFO", "timestamp": "2024-08-01 00:19:15", "message": " A Cell 'CX5103' has been created at '2024-08-01 00:19:15' in gNodeB 'W2018' with max capacity 10 ue.", "test_id": "99d0ae57-833c-4165-9de1-25029fe85d74"}
{"level": "INFO", "timestamp": "2024-08-01 00:19:15", "message": "Cell 'CX5103' has been added to gNodeB 'W2018'.", "test_id": "99d0ae57-833c-4165-9de1-25029fe85d74"}
{"level": "INFO", "timestamp": "2024-08-01 00:19:15", "message": "Cells initialization completed.", "test_id": "99d0ae57-833c-4165-9de1-25029fe85d74"}
{"level": "INFO", "timestamp": "2024-08-01 00:19:15", "message": "Sector 'Ax1242-A1' added to Cell 'Ax1242'.", "test_id": "99d0ae57-833c-4165-9de1-25029fe85d74"}
{"level": "INFO", "timestamp": "2024-08-01 00:19:15", "message": "Sector 'Ax1242-A2' added to Cell 'Ax1242'.", "test_id": "99d0ae57-833c-4165-9de1-25029fe85d74"}
{"level": "INFO", "timestamp": "2024-08-01 00:19:15", "message": "Sector 'Ax1242-A3' added to Cell 'Ax1242'.", "test_id": "99d0ae57-833c-4165-9de1-25029fe85d74"}
{"level": "INFO", "timestamp": "2024-08-01 00:19:15", "message": "Sector 'BX1453-B1' added to Cell 'BX1453'.", "test_id": "99d0ae57-833c-4165-9de1-25029fe85d74"}
{"level": "INFO", "timestamp": "2024-08-01 00:19:15", "message": "Sector 'BX1453-B2' added to Cell 'BX1453'.", "test_id": "99d0ae57-833c-4165-9de1-25029fe85d74"}
{"level": "INFO", "timestamp": "2024-08-01 00:19:15", "message": "Sector 'BX1453-B3' added to Cell 'BX1453'.", "test_id": "99d0ae57-833c-4165-9de1-25029fe85d74"}
{"level": "INFO", "timestamp": "2024-08-01 00:19:15", "message": "Sector 'CX1352-C1' added to Cell 'CX1352'.", "test_id": "99d0ae57-833c-4165-9de1-25029fe85d74"}
{"level": "INFO", "timestamp": "2024-08-01 00:19:15", "message": "Sector 'CX1352-C2' added to Cell 'CX1352'.", "test_id": "99d0ae57-833c-4165-9de1-25029fe85d74"}
{"level": "INFO", "timestamp": "2024-08-01 00:19:15", "message": "Sector 'CX1352-C3' added to Cell 'CX1352'.", "test_id": "99d0ae57-833c-4165-9de1-25029fe85d74"}
{"level": "INFO", "timestamp": "2024-08-01 00:19:15", "message": "Sector 'AX1112-A1' added to Cell 'AX1112'.", "test_id": "99d0ae57-833c-4165-9de1-25029fe85d74"}
{"level": "INFO", "timestamp": "2024-08-01 00:19:15", "message": "Sector 'AX1112-A2' added to Cell 'AX1112'.", "test_id": "99d0ae57-833c-4165-9de1-25029fe85d74"}
{"level": "INFO", "timestamp": "2024-08-01 00:19:15", "message": "Sector 'AX1112-A3' added to Cell 'AX1112'.", "test_id": "99d0ae57-833c-4165-9de1-25029fe85d74"}
{"level": "INFO", "timestamp": "2024-08-01 00:19:15", "message": "Sector 'BX1334-B1' added to Cell 'BX1334'.", "test_id": "99d0ae57-833c-4165-9de1-25029fe85d74"}
{"level": "INFO", "timestamp": "2024-08-01 00:19:15", "message": "Sector 'BX1334-B2' added to Cell 'BX1334'.", "test_id": "99d0ae57-833c-4165-9de1-25029fe85d74"}
{"level": "INFO", "timestamp": "2024-08-01 00:19:15", "message": "Sector 'BX1334-B3' added to Cell 'BX1334'.", "test_id": "99d0ae57-833c-4165-9de1-25029fe85d74"}
{"level": "INFO", "timestamp": "2024-08-01 00:19:15", "message": "Sector 'CX1873-C1' added to Cell 'CX1873'.", "test_id": "99d0ae57-833c-4165-9de1-25029fe85d74"}
{"level": "INFO", "timestamp": "2024-08-01 00:19:15", "message": "Sector 'CX1873-C2' added to Cell 'CX1873'.", "test_id": "99d0ae57-833c-4165-9de1-25029fe85d74"}
{"level": "INFO", "timestamp": "2024-08-01 00:19:15", "message": "Sector 'CX1873-C3' added to Cell 'CX1873'.", "test_id": "99d0ae57-833c-4165-9de1-25029fe85d74"}
{"level": "INFO", "timestamp": "2024-08-01 00:19:15", "message": "Sector 'AX9980-A1' added to Cell 'AX9980'.", "test_id": "99d0ae57-833c-4165-9de1-25029fe85d74"}
{"level": "INFO", "timestamp": "2024-08-01 00:19:15", "message": "Sector 'AX9980-A2' added to Cell 'AX9980'.", "test_id": "99d0ae57-833c-4165-9de1-25029fe85d74"}
{"level": "INFO", "timestamp": "2024-08-01 00:19:15", "message": "Sector 'AX9980-A3' added to Cell 'AX9980'.", "test_id": "99d0ae57-833c-4165-9de1-25029fe85d74"}
{"level": "INFO", "timestamp": "2024-08-01 00:19:15", "message": "Sector 'BX1230-B1' added to Cell 'BX1230'.", "test_id": "99d0ae57-833c-4165-9de1-25029fe85d74"}
{"level": "INFO", "timestamp": "2024-08-01 00:19:15", "message": "Sector 'BX1230-B2' added to Cell 'BX1230'.", "test_id": "99d0ae57-833c-4165-9de1-25029fe85d74"}
{"level": "INFO", "timestamp": "2024-08-01 00:19:15", "message": "Sector 'BX1230-B3' added to Cell 'BX1230'.", "test_id": "99d0ae57-833c-4165-9de1-25029fe85d74"}
{"level": "INFO", "timestamp": "2024-08-01 00:19:15", "message": "Sector 'CX5103-C1' added to Cell 'CX5103'.", "test_id": "99d0ae57-833c-4165-9de1-25029fe85d74"}
{"level": "INFO", "timestamp": "2024-08-01 00:19:15", "message": "Sector 'CX5103-C2' added to Cell 'CX5103'.", "test_id": "99d0ae57-833c-4165-9de1-25029fe85d74"}
{"level": "INFO", "timestamp": "2024-08-01 00:19:15", "message": "Sector 'CX5103-C3' added to Cell 'CX5103'.", "test_id": "99d0ae57-833c-4165-9de1-25029fe85d74"}
{"level": "INFO", "timestamp": "2024-08-01 00:23:27", "message": "Initializing cells.", "test_id": "0ae0cd9d-1e31-4c84-a073-193dbf705946"}
{"level": "INFO", "timestamp": "2024-08-01 00:23:27", "message": " A Cell 'Ax1242' has been created at '2024-08-01 00:23:27' in gNodeB 'W1140' with max capacity 10 ue.", "test_id": "0ae0cd9d-1e31-4c84-a073-193dbf705946"}
{"level": "INFO", "timestamp": "2024-08-01 00:23:27", "message": "Cell 'Ax1242' has been added to gNodeB 'W1140'.", "test_id": "0ae0cd9d-1e31-4c84-a073-193dbf705946"}
{"level": "INFO", "timestamp": "2024-08-01 00:23:27", "message": " A Cell 'BX1453' has been created at '2024-08-01 00:23:27' in gNodeB 'W1140' with max capacity 10 ue.", "test_id": "0ae0cd9d-1e31-4c84-a073-193dbf705946"}
{"level": "INFO", "timestamp": "2024-08-01 00:23:27", "message": "Cell 'BX1453' has been added to gNodeB 'W1140'.", "test_id": "0ae0cd9d-1e31-4c84-a073-193dbf705946"}
{"level": "INFO", "timestamp": "2024-08-01 00:23:27", "message": " A Cell 'CX1352' has been created at '2024-08-01 00:23:27' in gNodeB 'W1140' with max capacity 10 ue.", "test_id": "0ae0cd9d-1e31-4c84-a073-193dbf705946"}
{"level": "INFO", "timestamp": "2024-08-01 00:23:27", "message": "Cell 'CX1352' has been added to gNodeB 'W1140'.", "test_id": "0ae0cd9d-1e31-4c84-a073-193dbf705946"}
{"level": "INFO", "timestamp": "2024-08-01 00:23:27", "message": " A Cell 'AX1112' has been created at '2024-08-01 00:23:27' in gNodeB 'W1320' with max capacity 10 ue.", "test_id": "0ae0cd9d-1e31-4c84-a073-193dbf705946"}
{"level": "INFO", "timestamp": "2024-08-01 00:23:27", "message": "Cell 'AX1112' has been added to gNodeB 'W1320'.", "test_id": "0ae0cd9d-1e31-4c84-a073-193dbf705946"}
{"level": "INFO", "timestamp": "2024-08-01 00:23:27", "message": " A Cell 'BX1334' has been created at '2024-08-01 00:23:27' in gNodeB 'W1320' with max capacity 10 ue.", "test_id": "0ae0cd9d-1e31-4c84-a073-193dbf705946"}
{"level": "INFO", "timestamp": "2024-08-01 00:23:27", "message": "Cell 'BX1334' has been added to gNodeB 'W1320'.", "test_id": "0ae0cd9d-1e31-4c84-a073-193dbf705946"}
{"level": "INFO", "timestamp": "2024-08-01 00:23:27", "message": " A Cell 'CX1873' has been created at '2024-08-01 00:23:27' in gNodeB 'W1320' with max capacity 10 ue.", "test_id": "0ae0cd9d-1e31-4c84-a073-193dbf705946"}
{"level": "INFO", "timestamp": "2024-08-01 00:23:27", "message": "Cell 'CX1873' has been added to gNodeB 'W1320'.", "test_id": "0ae0cd9d-1e31-4c84-a073-193dbf705946"}
{"level": "INFO", "timestamp": "2024-08-01 00:23:27", "message": " A Cell 'AX9980' has been created at '2024-08-01 00:23:27' in gNodeB 'W2018' with max capacity 10 ue.", "test_id": "0ae0cd9d-1e31-4c84-a073-193dbf705946"}
{"level": "INFO", "timestamp": "2024-08-01 00:23:27", "message": "Cell 'AX9980' has been added to gNodeB 'W2018'.", "test_id": "0ae0cd9d-1e31-4c84-a073-193dbf705946"}
{"level": "INFO", "timestamp": "2024-08-01 00:23:27", "message": " A Cell 'BX1230' has been created at '2024-08-01 00:23:27' in gNodeB 'W2018' with max capacity 10 ue.", "test_id": "0ae0cd9d-1e31-4c84-a073-193dbf705946"}
{"level": "INFO", "timestamp": "2024-08-01 00:23:27", "message": "Cell 'BX1230' has been added to gNodeB 'W2018'.", "test_id": "0ae0cd9d-1e31-4c84-a073-193dbf705946"}
{"level": "INFO", "timestamp": "2024-08-01 00:23:27", "message": " A Cell 'CX5103' has been created at '2024-08-01 00:23:27' in gNodeB 'W2018' with max capacity 10 ue.", "test_id": "0ae0cd9d-1e31-4c84-a073-193dbf705946"}
{"level": "INFO", "timestamp": "2024-08-01 00:23:27", "message": "Cell 'CX5103' has been added to gNodeB 'W2018'.", "test_id": "0ae0cd9d-1e31-4c84-a073-193dbf705946"}
{"level": "INFO", "timestamp": "2024-08-01 00:23:27", "message": "Cells initialization completed.", "test_id": "0ae0cd9d-1e31-4c84-a073-193dbf705946"}
{"level": "INFO", "timestamp": "2024-08-01 00:23:27", "message": "Sector 'Ax1242-A1' added to Cell 'Ax1242'.", "test_id": "0ae0cd9d-1e31-4c84-a073-193dbf705946"}
{"level": "INFO", "timestamp": "2024-08-01 00:23:27", "message": "Sector 'Ax1242-A2' added to Cell 'Ax1242'.", "test_id": "0ae0cd9d-1e31-4c84-a073-193dbf705946"}
{"level": "INFO", "timestamp": "2024-08-01 00:23:27", "message": "Sector 'Ax1242-A3' added to Cell 'Ax1242'.", "test_id": "0ae0cd9d-1e31-4c84-a073-193dbf705946"}
{"level": "INFO", "timestamp": "2024-08-01 00:23:27", "message": "Sector 'BX1453-B1' added to Cell 'BX1453'.", "test_id": "0ae0cd9d-1e31-4c84-a073-193dbf705946"}
{"level": "INFO", "timestamp": "2024-08-01 00:23:27", "message": "Sector 'BX1453-B2' added to Cell 'BX1453'.", "test_id": "0ae0cd9d-1e31-4c84-a073-193dbf705946"}
{"level": "INFO", "timestamp": "2024-08-01 00:23:27", "message": "Sector 'BX1453-B3' added to Cell 'BX1453'.", "test_id": "0ae0cd9d-1e31-4c84-a073-193dbf705946"}
{"level": "INFO", "timestamp": "2024-08-01 00:23:27", "message": "Sector 'CX1352-C1' added to Cell 'CX1352'.", "test_id": "0ae0cd9d-1e31-4c84-a073-193dbf705946"}
{"level": "INFO", "timestamp": "2024-08-01 00:23:27", "message": "Sector 'CX1352-C2' added to Cell 'CX1352'.", "test_id": "0ae0cd9d-1e31-4c84-a073-193dbf705946"}
{"level": "INFO", "timestamp": "2024-08-01 00:23:27", "message": "Sector 'CX1352-C3' added to Cell 'CX1352'.", "test_id": "0ae0cd9d-1e31-4c84-a073-193dbf705946"}
{"level": "INFO", "timestamp": "2024-08-01 00:23:27", "message": "Sector 'AX1112-A1' added to Cell 'AX1112'.", "test_id": "0ae0cd9d-1e31-4c84-a073-193dbf705946"}
{"level": "INFO", "timestamp": "2024-08-01 00:23:27", "message": "Sector 'AX1112-A2' added to Cell 'AX1112'.", "test_id": "0ae0cd9d-1e31-4c84-a073-193dbf705946"}
{"level": "INFO", "timestamp": "2024-08-01 00:23:27", "message": "Sector 'AX1112-A3' added to Cell 'AX1112'.", "test_id": "0ae0cd9d-1e31-4c84-a073-193dbf705946"}
{"level": "INFO", "timestamp": "2024-08-01 00:23:27", "message": "Sector 'BX1334-B1' added to Cell 'BX1334'.", "test_id": "0ae0cd9d-1e31-4c84-a073-193dbf705946"}
{"level": "INFO", "timestamp": "2024-08-01 00:23:27", "message": "Sector 'BX1334-B2' added to Cell 'BX1334'.", "test_id": "0ae0cd9d-1e31-4c84-a073-193dbf705946"}
{"level": "INFO", "timestamp": "2024-08-01 00:23:27", "message": "Sector 'BX1334-B3' added to Cell 'BX1334'.", "test_id": "0ae0cd9d-1e31-4c84-a073-193dbf705946"}
{"level": "INFO", "timestamp": "2024-08-01 00:23:27", "message": "Sector 'CX1873-C1' added to Cell 'CX1873'.", "test_id": "0ae0cd9d-1e31-4c84-a073-193dbf705946"}
{"level": "INFO", "timestamp": "2024-08-01 00:23:27", "message": "Sector 'CX1873-C2' added to Cell 'CX1873'.", "test_id": "0ae0cd9d-1e31-4c84-a073-193dbf705946"}
{"level": "INFO", "timestamp": "2024-08-01 00:23:27", "message": "Sector 'CX1873-C3' added to Cell 'CX1873'.", "test_id": "0ae0cd9d-1e31-4c84-a073-193dbf705946"}
{"level": "INFO", "timestamp": "2024-08-01 00:23:27", "message": "Sector 'AX9980-A1' added to Cell 'AX9980'.", "test_id": "0ae0cd9d-1e31-4c84-a073-193dbf705946"}
{"level": "INFO", "timestamp": "2024-08-01 00:23:27", "message": "Sector 'AX9980-A2' added to Cell 'AX9980'.", "test_id": "0ae0cd9d-1e31-4c84-a073-193dbf705946"}
{"level": "INFO", "timestamp": "2024-08-01 00:23:27", "message": "Sector 'AX9980-A3' added to Cell 'AX9980'.", "test_id": "0ae0cd9d-1e31-4c84-a073-193dbf705946"}
{"level": "INFO", "timestamp": "2024-08-01 00:23:27", "message": "Sector 'BX1230-B1' added to Cell 'BX1230'.", "test_id": "0ae0cd9d-1e31-4c84-a073-193dbf705946"}
{"level": "INFO", "timestamp": "2024-08-01 00:23:27", "message": "Sector 'BX1230-B2' added to Cell 'BX1230'.", "test_id": "0ae0cd9d-1e31-4c84-a073-193dbf705946"}
{"level": "INFO", "timestamp": "2024-08-01 00:23:27", "message": "Sector 'BX1230-B3' added to Cell 'BX1230'.", "test_id": "0ae0cd9d-1e31-4c84-a073-193dbf705946"}
{"level": "INFO", "timestamp": "2024-08-01 00:23:27", "message": "Sector 'CX5103-C1' added to Cell 'CX5103'.", "test_id": "0ae0cd9d-1e31-4c84-a073-193dbf705946"}
{"level": "INFO", "timestamp": "2024-08-01 00:23:27", "message": "Sector 'CX5103-C2' added to Cell 'CX5103'.", "test_id": "0ae0cd9d-1e31-4c84-a073-193dbf705946"}
{"level": "INFO", "timestamp": "2024-08-01 00:23:27", "message": "Sector 'CX5103-C3' added to Cell 'CX5103'.", "test_id": "0ae0cd9d-1e31-4c84-a073-193dbf705946"}
