{"level": "INFO", "timestamp": "2024-07-31 20:36:20", "message": "UE initialized with ID ue1 at 2024-07-31 20:36:46.363102", "test_id": "e6d9c8ee-93c6-487e-b2e8-b70297b36dc6"}
{"level": "INFO", "timestamp": "2024-07-31 20:36:20", "message": "UE initialized with ID ue2 at 2024-07-31 20:36:46.369327", "test_id": "e6d9c8ee-93c6-487e-b2e8-b70297b36dc6"}
{"level": "INFO", "timestamp": "2024-07-31 20:36:20", "message": "UE initialized with ID ue3 at 2024-07-31 20:36:46.375150", "test_id": "e6d9c8ee-93c6-487e-b2e8-b70297b36dc6"}
{"level": "INFO", "timestamp": "2024-07-31 20:36:20", "message": "UE initialized with ID ue4 at 2024-07-31 20:36:46.380277", "test_id": "e6d9c8ee-93c6-487e-b2e8-b70297b36dc6"}
{"level": "INFO", "timestamp": "2024-07-31 20:36:20", "message": "UE initialized with ID ue5 at 2024-07-31 20:36:46.386594", "test_id": "e6d9c8ee-93c6-487e-b2e8-b70297b36dc6"}
{"level": "INFO", "timestamp": "2024-07-31 20:36:20", "message": "Added UE instance with ID: 72f46580-4ad4-4573-8795-316e26cd183d to UEManager", "test_id": "e6d9c8ee-93c6-487e-b2e8-b70297b36dc6"}
{"level": "INFO", "timestamp": "2024-07-31 20:36:20", "message": "Added UE instance with ID: 72f46580-4ad4-4573-8795-316e26cd183d to UEManager", "test_id": "e6d9c8ee-93c6-487e-b2e8-b70297b36dc6"}
{"level": "INFO", "timestamp": "2024-07-31 20:36:20", "message": "Added UE instance with ID: a605db1e-172a-42a5-9f4a-328f48b37d52 to UEManager", "test_id": "e6d9c8ee-93c6-487e-b2e8-b70297b36dc6"}
{"level": "INFO", "timestamp": "2024-07-31 20:36:20", "message": "Added UE instance with ID: a605db1e-172a-42a5-9f4a-328f48b37d52 to UEManager", "test_id": "e6d9c8ee-93c6-487e-b2e8-b70297b36dc6"}
{"level": "INFO", "timestamp": "2024-07-31 20:36:20", "message": "Added UE instance with ID: ebee9234-be37-4407-bcfc-94fd6fb19948 to UEManager", "test_id": "e6d9c8ee-93c6-487e-b2e8-b70297b36dc6"}
{"level": "INFO", "timestamp": "2024-07-31 20:36:20", "message": "Added UE instance with ID: ebee9234-be37-4407-bcfc-94fd6fb19948 to UEManager", "test_id": "e6d9c8ee-93c6-487e-b2e8-b70297b36dc6"}
{"level": "INFO", "timestamp": "2024-07-31 20:36:20", "message": "Added UE instance with ID: 33b1dd76-fc90-4c70-bec3-df4abdf054c1 to UEManager", "test_id": "e6d9c8ee-93c6-487e-b2e8-b70297b36dc6"}
{"level": "INFO", "timestamp": "2024-07-31 20:36:20", "message": "Added UE instance with ID: 33b1dd76-fc90-4c70-bec3-df4abdf054c1 to UEManager", "test_id": "e6d9c8ee-93c6-487e-b2e8-b70297b36dc6"}
{"level": "INFO", "timestamp": "2024-07-31 20:36:20", "message": "Added UE instance with ID: 8d8139c6-d5de-43fb-aa84-c421b15a090d to UEManager", "test_id": "e6d9c8ee-93c6-487e-b2e8-b70297b36dc6"}
{"level": "INFO", "timestamp": "2024-07-31 20:36:20", "message": "Added UE instance with ID: 8d8139c6-d5de-43fb-aa84-c421b15a090d to UEManager", "test_id": "e6d9c8ee-93c6-487e-b2e8-b70297b36dc6"}
{"level": "INFO", "timestamp": "2024-07-31 20:36:20", "message": "Contents of ues dictionary after initialization: {'ue1': <network.ue.UE object at 0x0000025F13316E50>, 'ue2': <network.ue.UE object at 0x0000025F13318650>, 'ue3': <network.ue.UE object at 0x0000025F133169D0>, 'ue4': <network.ue.UE object at 0x0000025F13315390>, 'ue5': <network.ue.UE object at 0x0000025F133237D0>}", "test_id": "e6d9c8ee-93c6-487e-b2e8-b70297b36dc6"}
{"level": "INFO", "timestamp": "2024-07-31 20:36:20", "message": "Looking for UE with ID: ue1", "test_id": "e6d9c8ee-93c6-487e-b2e8-b70297b36dc6"}
{"level": "INFO", "timestamp": "2024-07-31 20:36:20", "message": "Contents of ues dictionary: {'ue1': <network.ue.UE object at 0x0000025F13316E50>, 'ue2': <network.ue.UE object at 0x0000025F13318650>, 'ue3': <network.ue.UE object at 0x0000025F133169D0>, 'ue4': <network.ue.UE object at 0x0000025F13315390>, 'ue5': <network.ue.UE object at 0x0000025F133237D0>}", "test_id": "e6d9c8ee-93c6-487e-b2e8-b70297b36dc6"}
{"level": "INFO", "timestamp": "2024-07-31 20:36:20", "message": "Found UE instance: <network.ue.UE object at 0x0000025F13316E50>", "test_id": "e6d9c8ee-93c6-487e-b2e8-b70297b36dc6"}
{"level": "INFO", "timestamp": "2024-07-31 20:36:20", "message": "UE instance ID: 2607367155280", "test_id": "e6d9c8ee-93c6-487e-b2e8-b70297b36dc6"}
{"level": "INFO", "timestamp": "2024-07-31 20:36:20", "message": "Looking for UE with ID: ue2", "test_id": "e6d9c8ee-93c6-487e-b2e8-b70297b36dc6"}
{"level": "INFO", "timestamp": "2024-07-31 20:36:20", "message": "Contents of ues dictionary: {'ue1': <network.ue.UE object at 0x0000025F13316E50>, 'ue2': <network.ue.UE object at 0x0000025F13318650>, 'ue3': <network.ue.UE object at 0x0000025F133169D0>, 'ue4': <network.ue.UE object at 0x0000025F13315390>, 'ue5': <network.ue.UE object at 0x0000025F133237D0>}", "test_id": "e6d9c8ee-93c6-487e-b2e8-b70297b36dc6"}
{"level": "INFO", "timestamp": "2024-07-31 20:36:20", "message": "Found UE instance: <network.ue.UE object at 0x0000025F13318650>", "test_id": "e6d9c8ee-93c6-487e-b2e8-b70297b36dc6"}
{"level": "INFO", "timestamp": "2024-07-31 20:36:20", "message": "UE instance ID: 2607367161424", "test_id": "e6d9c8ee-93c6-487e-b2e8-b70297b36dc6"}
{"level": "INFO", "timestamp": "2024-07-31 20:36:20", "message": "Looking for UE with ID: ue3", "test_id": "e6d9c8ee-93c6-487e-b2e8-b70297b36dc6"}
{"level": "INFO", "timestamp": "2024-07-31 20:36:20", "message": "Contents of ues dictionary: {'ue1': <network.ue.UE object at 0x0000025F13316E50>, 'ue2': <network.ue.UE object at 0x0000025F13318650>, 'ue3': <network.ue.UE object at 0x0000025F133169D0>, 'ue4': <network.ue.UE object at 0x0000025F13315390>, 'ue5': <network.ue.UE object at 0x0000025F133237D0>}", "test_id": "e6d9c8ee-93c6-487e-b2e8-b70297b36dc6"}
{"level": "INFO", "timestamp": "2024-07-31 20:36:20", "message": "Found UE instance: <network.ue.UE object at 0x0000025F133169D0>", "test_id": "e6d9c8ee-93c6-487e-b2e8-b70297b36dc6"}
{"level": "INFO", "timestamp": "2024-07-31 20:36:20", "message": "UE instance ID: 2607367154128", "test_id": "e6d9c8ee-93c6-487e-b2e8-b70297b36dc6"}
{"level": "INFO", "timestamp": "2024-07-31 20:36:20", "message": "Looking for UE with ID: ue4", "test_id": "e6d9c8ee-93c6-487e-b2e8-b70297b36dc6"}
{"level": "INFO", "timestamp": "2024-07-31 20:36:20", "message": "Contents of ues dictionary: {'ue1': <network.ue.UE object at 0x0000025F13316E50>, 'ue2': <network.ue.UE object at 0x0000025F13318650>, 'ue3': <network.ue.UE object at 0x0000025F133169D0>, 'ue4': <network.ue.UE object at 0x0000025F13315390>, 'ue5': <network.ue.UE object at 0x0000025F133237D0>}", "test_id": "e6d9c8ee-93c6-487e-b2e8-b70297b36dc6"}
{"level": "INFO", "timestamp": "2024-07-31 20:36:20", "message": "Found UE instance: <network.ue.UE object at 0x0000025F13315390>", "test_id": "e6d9c8ee-93c6-487e-b2e8-b70297b36dc6"}
{"level": "INFO", "timestamp": "2024-07-31 20:36:20", "message": "UE instance ID: 2607367148432", "test_id": "e6d9c8ee-93c6-487e-b2e8-b70297b36dc6"}
{"level": "INFO", "timestamp": "2024-07-31 20:36:20", "message": "Looking for UE with ID: ue5", "test_id": "e6d9c8ee-93c6-487e-b2e8-b70297b36dc6"}
{"level": "INFO", "timestamp": "2024-07-31 20:36:20", "message": "Contents of ues dictionary: {'ue1': <network.ue.UE object at 0x0000025F13316E50>, 'ue2': <network.ue.UE object at 0x0000025F13318650>, 'ue3': <network.ue.UE object at 0x0000025F133169D0>, 'ue4': <network.ue.UE object at 0x0000025F13315390>, 'ue5': <network.ue.UE object at 0x0000025F133237D0>}", "test_id": "e6d9c8ee-93c6-487e-b2e8-b70297b36dc6"}
{"level": "INFO", "timestamp": "2024-07-31 20:36:20", "message": "Found UE instance: <network.ue.UE object at 0x0000025F133237D0>", "test_id": "e6d9c8ee-93c6-487e-b2e8-b70297b36dc6"}
{"level": "INFO", "timestamp": "2024-07-31 20:36:20", "message": "UE instance ID: 2607367206864", "test_id": "e6d9c8ee-93c6-487e-b2e8-b70297b36dc6"}
{"level": "INFO", "timestamp": "2024-07-31 20:36:20", "message": "Looking for UE with ID: ue1", "test_id": "e6d9c8ee-93c6-487e-b2e8-b70297b36dc6"}
{"level": "INFO", "timestamp": "2024-07-31 20:36:20", "message": "Contents of ues dictionary: {'ue1': <network.ue.UE object at 0x0000025F13316E50>, 'ue2': <network.ue.UE object at 0x0000025F13318650>, 'ue3': <network.ue.UE object at 0x0000025F133169D0>, 'ue4': <network.ue.UE object at 0x0000025F13315390>, 'ue5': <network.ue.UE object at 0x0000025F133237D0>}", "test_id": "e6d9c8ee-93c6-487e-b2e8-b70297b36dc6"}
{"level": "INFO", "timestamp": "2024-07-31 20:36:20", "message": "Found UE instance: <network.ue.UE object at 0x0000025F13316E50>", "test_id": "e6d9c8ee-93c6-487e-b2e8-b70297b36dc6"}
{"level": "INFO", "timestamp": "2024-07-31 20:36:20", "message": "UE instance ID: 2607367155280", "test_id": "e6d9c8ee-93c6-487e-b2e8-b70297b36dc6"}
{"level": "INFO", "timestamp": "2024-07-31 20:36:20", "message": "Looking for UE with ID: ue2", "test_id": "e6d9c8ee-93c6-487e-b2e8-b70297b36dc6"}
{"level": "INFO", "timestamp": "2024-07-31 20:36:20", "message": "Contents of ues dictionary: {'ue1': <network.ue.UE object at 0x0000025F13316E50>, 'ue2': <network.ue.UE object at 0x0000025F13318650>, 'ue3': <network.ue.UE object at 0x0000025F133169D0>, 'ue4': <network.ue.UE object at 0x0000025F13315390>, 'ue5': <network.ue.UE object at 0x0000025F133237D0>}", "test_id": "e6d9c8ee-93c6-487e-b2e8-b70297b36dc6"}
{"level": "INFO", "timestamp": "2024-07-31 20:36:20", "message": "Found UE instance: <network.ue.UE object at 0x0000025F13318650>", "test_id": "e6d9c8ee-93c6-487e-b2e8-b70297b36dc6"}
{"level": "INFO", "timestamp": "2024-07-31 20:36:20", "message": "UE instance ID: 2607367161424", "test_id": "e6d9c8ee-93c6-487e-b2e8-b70297b36dc6"}
{"level": "INFO", "timestamp": "2024-07-31 20:36:20", "message": "Looking for UE with ID: ue3", "test_id": "e6d9c8ee-93c6-487e-b2e8-b70297b36dc6"}
{"level": "INFO", "timestamp": "2024-07-31 20:36:20", "message": "Contents of ues dictionary: {'ue1': <network.ue.UE object at 0x0000025F13316E50>, 'ue2': <network.ue.UE object at 0x0000025F13318650>, 'ue3': <network.ue.UE object at 0x0000025F133169D0>, 'ue4': <network.ue.UE object at 0x0000025F13315390>, 'ue5': <network.ue.UE object at 0x0000025F133237D0>}", "test_id": "e6d9c8ee-93c6-487e-b2e8-b70297b36dc6"}
{"level": "INFO", "timestamp": "2024-07-31 20:36:20", "message": "Found UE instance: <network.ue.UE object at 0x0000025F133169D0>", "test_id": "e6d9c8ee-93c6-487e-b2e8-b70297b36dc6"}
{"level": "INFO", "timestamp": "2024-07-31 20:36:20", "message": "UE instance ID: 2607367154128", "test_id": "e6d9c8ee-93c6-487e-b2e8-b70297b36dc6"}
{"level": "INFO", "timestamp": "2024-07-31 20:36:20", "message": "Looking for UE with ID: ue4", "test_id": "e6d9c8ee-93c6-487e-b2e8-b70297b36dc6"}
{"level": "INFO", "timestamp": "2024-07-31 20:36:20", "message": "Contents of ues dictionary: {'ue1': <network.ue.UE object at 0x0000025F13316E50>, 'ue2': <network.ue.UE object at 0x0000025F13318650>, 'ue3': <network.ue.UE object at 0x0000025F133169D0>, 'ue4': <network.ue.UE object at 0x0000025F13315390>, 'ue5': <network.ue.UE object at 0x0000025F133237D0>}", "test_id": "e6d9c8ee-93c6-487e-b2e8-b70297b36dc6"}
{"level": "INFO", "timestamp": "2024-07-31 20:36:20", "message": "Found UE instance: <network.ue.UE object at 0x0000025F13315390>", "test_id": "e6d9c8ee-93c6-487e-b2e8-b70297b36dc6"}
{"level": "INFO", "timestamp": "2024-07-31 20:36:20", "message": "UE instance ID: 2607367148432", "test_id": "e6d9c8ee-93c6-487e-b2e8-b70297b36dc6"}
{"level": "INFO", "timestamp": "2024-07-31 20:36:20", "message": "Looking for UE with ID: ue5", "test_id": "e6d9c8ee-93c6-487e-b2e8-b70297b36dc6"}
{"level": "INFO", "timestamp": "2024-07-31 20:36:20", "message": "Contents of ues dictionary: {'ue1': <network.ue.UE object at 0x0000025F13316E50>, 'ue2': <network.ue.UE object at 0x0000025F13318650>, 'ue3': <network.ue.UE object at 0x0000025F133169D0>, 'ue4': <network.ue.UE object at 0x0000025F13315390>, 'ue5': <network.ue.UE object at 0x0000025F133237D0>}", "test_id": "e6d9c8ee-93c6-487e-b2e8-b70297b36dc6"}
{"level": "INFO", "timestamp": "2024-07-31 20:36:20", "message": "Found UE instance: <network.ue.UE object at 0x0000025F133237D0>", "test_id": "e6d9c8ee-93c6-487e-b2e8-b70297b36dc6"}
{"level": "INFO", "timestamp": "2024-07-31 20:36:20", "message": "UE instance ID: 2607367206864", "test_id": "e6d9c8ee-93c6-487e-b2e8-b70297b36dc6"}
{"level": "INFO", "timestamp": "2024-07-31 20:36:20", "message": "Looking for UE with ID: ue1", "test_id": "e6d9c8ee-93c6-487e-b2e8-b70297b36dc6"}
{"level": "INFO", "timestamp": "2024-07-31 20:36:20", "message": "Contents of ues dictionary: {'ue1': <network.ue.UE object at 0x0000025F13316E50>, 'ue2': <network.ue.UE object at 0x0000025F13318650>, 'ue3': <network.ue.UE object at 0x0000025F133169D0>, 'ue4': <network.ue.UE object at 0x0000025F13315390>, 'ue5': <network.ue.UE object at 0x0000025F133237D0>}", "test_id": "e6d9c8ee-93c6-487e-b2e8-b70297b36dc6"}
{"level": "INFO", "timestamp": "2024-07-31 20:36:20", "message": "Found UE instance: <network.ue.UE object at 0x0000025F13316E50>", "test_id": "e6d9c8ee-93c6-487e-b2e8-b70297b36dc6"}
{"level": "INFO", "timestamp": "2024-07-31 20:36:20", "message": "UE instance ID: 2607367155280", "test_id": "e6d9c8ee-93c6-487e-b2e8-b70297b36dc6"}
{"level": "INFO", "timestamp": "2024-07-31 20:36:20", "message": "Looking for UE with ID: ue2", "test_id": "e6d9c8ee-93c6-487e-b2e8-b70297b36dc6"}
{"level": "INFO", "timestamp": "2024-07-31 20:36:20", "message": "Contents of ues dictionary: {'ue1': <network.ue.UE object at 0x0000025F13316E50>, 'ue2': <network.ue.UE object at 0x0000025F13318650>, 'ue3': <network.ue.UE object at 0x0000025F133169D0>, 'ue4': <network.ue.UE object at 0x0000025F13315390>, 'ue5': <network.ue.UE object at 0x0000025F133237D0>}", "test_id": "e6d9c8ee-93c6-487e-b2e8-b70297b36dc6"}
{"level": "INFO", "timestamp": "2024-07-31 20:36:20", "message": "Found UE instance: <network.ue.UE object at 0x0000025F13318650>", "test_id": "e6d9c8ee-93c6-487e-b2e8-b70297b36dc6"}
{"level": "INFO", "timestamp": "2024-07-31 20:36:20", "message": "UE instance ID: 2607367161424", "test_id": "e6d9c8ee-93c6-487e-b2e8-b70297b36dc6"}
{"level": "INFO", "timestamp": "2024-07-31 20:36:20", "message": "Looking for UE with ID: ue3", "test_id": "e6d9c8ee-93c6-487e-b2e8-b70297b36dc6"}
{"level": "INFO", "timestamp": "2024-07-31 20:36:20", "message": "Contents of ues dictionary: {'ue1': <network.ue.UE object at 0x0000025F13316E50>, 'ue2': <network.ue.UE object at 0x0000025F13318650>, 'ue3': <network.ue.UE object at 0x0000025F133169D0>, 'ue4': <network.ue.UE object at 0x0000025F13315390>, 'ue5': <network.ue.UE object at 0x0000025F133237D0>}", "test_id": "e6d9c8ee-93c6-487e-b2e8-b70297b36dc6"}
{"level": "INFO", "timestamp": "2024-07-31 20:36:20", "message": "Found UE instance: <network.ue.UE object at 0x0000025F133169D0>", "test_id": "e6d9c8ee-93c6-487e-b2e8-b70297b36dc6"}
{"level": "INFO", "timestamp": "2024-07-31 20:36:20", "message": "UE instance ID: 2607367154128", "test_id": "e6d9c8ee-93c6-487e-b2e8-b70297b36dc6"}
{"level": "INFO", "timestamp": "2024-07-31 20:36:20", "message": "Looking for UE with ID: ue4", "test_id": "e6d9c8ee-93c6-487e-b2e8-b70297b36dc6"}
{"level": "INFO", "timestamp": "2024-07-31 20:36:20", "message": "Contents of ues dictionary: {'ue1': <network.ue.UE object at 0x0000025F13316E50>, 'ue2': <network.ue.UE object at 0x0000025F13318650>, 'ue3': <network.ue.UE object at 0x0000025F133169D0>, 'ue4': <network.ue.UE object at 0x0000025F13315390>, 'ue5': <network.ue.UE object at 0x0000025F133237D0>}", "test_id": "e6d9c8ee-93c6-487e-b2e8-b70297b36dc6"}
{"level": "INFO", "timestamp": "2024-07-31 20:36:20", "message": "Found UE instance: <network.ue.UE object at 0x0000025F13315390>", "test_id": "e6d9c8ee-93c6-487e-b2e8-b70297b36dc6"}
{"level": "INFO", "timestamp": "2024-07-31 20:36:20", "message": "UE instance ID: 2607367148432", "test_id": "e6d9c8ee-93c6-487e-b2e8-b70297b36dc6"}
{"level": "INFO", "timestamp": "2024-07-31 20:36:20", "message": "Looking for UE with ID: ue5", "test_id": "e6d9c8ee-93c6-487e-b2e8-b70297b36dc6"}
{"level": "INFO", "timestamp": "2024-07-31 20:36:20", "message": "Contents of ues dictionary: {'ue1': <network.ue.UE object at 0x0000025F13316E50>, 'ue2': <network.ue.UE object at 0x0000025F13318650>, 'ue3': <network.ue.UE object at 0x0000025F133169D0>, 'ue4': <network.ue.UE object at 0x0000025F13315390>, 'ue5': <network.ue.UE object at 0x0000025F133237D0>}", "test_id": "e6d9c8ee-93c6-487e-b2e8-b70297b36dc6"}
{"level": "INFO", "timestamp": "2024-07-31 20:36:20", "message": "Found UE instance: <network.ue.UE object at 0x0000025F133237D0>", "test_id": "e6d9c8ee-93c6-487e-b2e8-b70297b36dc6"}
{"level": "INFO", "timestamp": "2024-07-31 20:36:20", "message": "UE instance ID: 2607367206864", "test_id": "e6d9c8ee-93c6-487e-b2e8-b70297b36dc6"}
{"level": "INFO", "timestamp": "2024-07-31 20:36:20", "message": "Looking for UE with ID: ue1", "test_id": "e6d9c8ee-93c6-487e-b2e8-b70297b36dc6"}
{"level": "INFO", "timestamp": "2024-07-31 20:36:20", "message": "Contents of ues dictionary: {'ue1': <network.ue.UE object at 0x0000025F13316E50>, 'ue2': <network.ue.UE object at 0x0000025F13318650>, 'ue3': <network.ue.UE object at 0x0000025F133169D0>, 'ue4': <network.ue.UE object at 0x0000025F13315390>, 'ue5': <network.ue.UE object at 0x0000025F133237D0>}", "test_id": "e6d9c8ee-93c6-487e-b2e8-b70297b36dc6"}
{"level": "INFO", "timestamp": "2024-07-31 20:36:20", "message": "Found UE instance: <network.ue.UE object at 0x0000025F13316E50>", "test_id": "e6d9c8ee-93c6-487e-b2e8-b70297b36dc6"}
{"level": "INFO", "timestamp": "2024-07-31 20:36:20", "message": "UE instance ID: 2607367155280", "test_id": "e6d9c8ee-93c6-487e-b2e8-b70297b36dc6"}
{"level": "INFO", "timestamp": "2024-07-31 20:36:20", "message": "Looking for UE with ID: ue2", "test_id": "e6d9c8ee-93c6-487e-b2e8-b70297b36dc6"}
{"level": "INFO", "timestamp": "2024-07-31 20:36:20", "message": "Contents of ues dictionary: {'ue1': <network.ue.UE object at 0x0000025F13316E50>, 'ue2': <network.ue.UE object at 0x0000025F13318650>, 'ue3': <network.ue.UE object at 0x0000025F133169D0>, 'ue4': <network.ue.UE object at 0x0000025F13315390>, 'ue5': <network.ue.UE object at 0x0000025F133237D0>}", "test_id": "e6d9c8ee-93c6-487e-b2e8-b70297b36dc6"}
{"level": "INFO", "timestamp": "2024-07-31 20:36:20", "message": "Found UE instance: <network.ue.UE object at 0x0000025F13318650>", "test_id": "e6d9c8ee-93c6-487e-b2e8-b70297b36dc6"}
{"level": "INFO", "timestamp": "2024-07-31 20:36:20", "message": "UE instance ID: 2607367161424", "test_id": "e6d9c8ee-93c6-487e-b2e8-b70297b36dc6"}
{"level": "INFO", "timestamp": "2024-07-31 20:36:20", "message": "Looking for UE with ID: ue3", "test_id": "e6d9c8ee-93c6-487e-b2e8-b70297b36dc6"}
{"level": "INFO", "timestamp": "2024-07-31 20:36:20", "message": "Contents of ues dictionary: {'ue1': <network.ue.UE object at 0x0000025F13316E50>, 'ue2': <network.ue.UE object at 0x0000025F13318650>, 'ue3': <network.ue.UE object at 0x0000025F133169D0>, 'ue4': <network.ue.UE object at 0x0000025F13315390>, 'ue5': <network.ue.UE object at 0x0000025F133237D0>}", "test_id": "e6d9c8ee-93c6-487e-b2e8-b70297b36dc6"}
{"level": "INFO", "timestamp": "2024-07-31 20:36:20", "message": "Found UE instance: <network.ue.UE object at 0x0000025F133169D0>", "test_id": "e6d9c8ee-93c6-487e-b2e8-b70297b36dc6"}
{"level": "INFO", "timestamp": "2024-07-31 20:36:20", "message": "UE instance ID: 2607367154128", "test_id": "e6d9c8ee-93c6-487e-b2e8-b70297b36dc6"}
{"level": "INFO", "timestamp": "2024-07-31 20:36:20", "message": "Looking for UE with ID: ue4", "test_id": "e6d9c8ee-93c6-487e-b2e8-b70297b36dc6"}
{"level": "INFO", "timestamp": "2024-07-31 20:36:20", "message": "Contents of ues dictionary: {'ue1': <network.ue.UE object at 0x0000025F13316E50>, 'ue2': <network.ue.UE object at 0x0000025F13318650>, 'ue3': <network.ue.UE object at 0x0000025F133169D0>, 'ue4': <network.ue.UE object at 0x0000025F13315390>, 'ue5': <network.ue.UE object at 0x0000025F133237D0>}", "test_id": "e6d9c8ee-93c6-487e-b2e8-b70297b36dc6"}
{"level": "INFO", "timestamp": "2024-07-31 20:36:20", "message": "Found UE instance: <network.ue.UE object at 0x0000025F13315390>", "test_id": "e6d9c8ee-93c6-487e-b2e8-b70297b36dc6"}
{"level": "INFO", "timestamp": "2024-07-31 20:36:20", "message": "UE instance ID: 2607367148432", "test_id": "e6d9c8ee-93c6-487e-b2e8-b70297b36dc6"}
{"level": "INFO", "timestamp": "2024-07-31 20:36:20", "message": "Looking for UE with ID: ue5", "test_id": "e6d9c8ee-93c6-487e-b2e8-b70297b36dc6"}
{"level": "INFO", "timestamp": "2024-07-31 20:36:20", "message": "Contents of ues dictionary: {'ue1': <network.ue.UE object at 0x0000025F13316E50>, 'ue2': <network.ue.UE object at 0x0000025F13318650>, 'ue3': <network.ue.UE object at 0x0000025F133169D0>, 'ue4': <network.ue.UE object at 0x0000025F13315390>, 'ue5': <network.ue.UE object at 0x0000025F133237D0>}", "test_id": "e6d9c8ee-93c6-487e-b2e8-b70297b36dc6"}
{"level": "INFO", "timestamp": "2024-07-31 20:36:20", "message": "Found UE instance: <network.ue.UE object at 0x0000025F133237D0>", "test_id": "e6d9c8ee-93c6-487e-b2e8-b70297b36dc6"}
{"level": "INFO", "timestamp": "2024-07-31 20:36:20", "message": "UE instance ID: 2607367206864", "test_id": "e6d9c8ee-93c6-487e-b2e8-b70297b36dc6"}
{"level": "INFO", "timestamp": "2024-07-31 20:36:20", "message": "Looking for UE with ID: ue1", "test_id": "e6d9c8ee-93c6-487e-b2e8-b70297b36dc6"}
{"level": "INFO", "timestamp": "2024-07-31 20:36:20", "message": "Contents of ues dictionary: {'ue1': <network.ue.UE object at 0x0000025F13316E50>, 'ue2': <network.ue.UE object at 0x0000025F13318650>, 'ue3': <network.ue.UE object at 0x0000025F133169D0>, 'ue4': <network.ue.UE object at 0x0000025F13315390>, 'ue5': <network.ue.UE object at 0x0000025F133237D0>}", "test_id": "e6d9c8ee-93c6-487e-b2e8-b70297b36dc6"}
{"level": "INFO", "timestamp": "2024-07-31 20:36:20", "message": "Found UE instance: <network.ue.UE object at 0x0000025F13316E50>", "test_id": "e6d9c8ee-93c6-487e-b2e8-b70297b36dc6"}
{"level": "INFO", "timestamp": "2024-07-31 20:36:20", "message": "UE instance ID: 2607367155280", "test_id": "e6d9c8ee-93c6-487e-b2e8-b70297b36dc6"}
{"level": "INFO", "timestamp": "2024-07-31 20:36:20", "message": "Looking for UE with ID: ue2", "test_id": "e6d9c8ee-93c6-487e-b2e8-b70297b36dc6"}
{"level": "INFO", "timestamp": "2024-07-31 20:36:20", "message": "Contents of ues dictionary: {'ue1': <network.ue.UE object at 0x0000025F13316E50>, 'ue2': <network.ue.UE object at 0x0000025F13318650>, 'ue3': <network.ue.UE object at 0x0000025F133169D0>, 'ue4': <network.ue.UE object at 0x0000025F13315390>, 'ue5': <network.ue.UE object at 0x0000025F133237D0>}", "test_id": "e6d9c8ee-93c6-487e-b2e8-b70297b36dc6"}
{"level": "INFO", "timestamp": "2024-07-31 20:36:20", "message": "Found UE instance: <network.ue.UE object at 0x0000025F13318650>", "test_id": "e6d9c8ee-93c6-487e-b2e8-b70297b36dc6"}
{"level": "INFO", "timestamp": "2024-07-31 20:36:20", "message": "UE instance ID: 2607367161424", "test_id": "e6d9c8ee-93c6-487e-b2e8-b70297b36dc6"}
{"level": "INFO", "timestamp": "2024-07-31 20:36:20", "message": "Looking for UE with ID: ue3", "test_id": "e6d9c8ee-93c6-487e-b2e8-b70297b36dc6"}
{"level": "INFO", "timestamp": "2024-07-31 20:36:20", "message": "Contents of ues dictionary: {'ue1': <network.ue.UE object at 0x0000025F13316E50>, 'ue2': <network.ue.UE object at 0x0000025F13318650>, 'ue3': <network.ue.UE object at 0x0000025F133169D0>, 'ue4': <network.ue.UE object at 0x0000025F13315390>, 'ue5': <network.ue.UE object at 0x0000025F133237D0>}", "test_id": "e6d9c8ee-93c6-487e-b2e8-b70297b36dc6"}
{"level": "INFO", "timestamp": "2024-07-31 20:36:20", "message": "Found UE instance: <network.ue.UE object at 0x0000025F133169D0>", "test_id": "e6d9c8ee-93c6-487e-b2e8-b70297b36dc6"}
{"level": "INFO", "timestamp": "2024-07-31 20:36:20", "message": "UE instance ID: 2607367154128", "test_id": "e6d9c8ee-93c6-487e-b2e8-b70297b36dc6"}
{"level": "INFO", "timestamp": "2024-07-31 20:36:20", "message": "Looking for UE with ID: ue4", "test_id": "e6d9c8ee-93c6-487e-b2e8-b70297b36dc6"}
{"level": "INFO", "timestamp": "2024-07-31 20:36:20", "message": "Contents of ues dictionary: {'ue1': <network.ue.UE object at 0x0000025F13316E50>, 'ue2': <network.ue.UE object at 0x0000025F13318650>, 'ue3': <network.ue.UE object at 0x0000025F133169D0>, 'ue4': <network.ue.UE object at 0x0000025F13315390>, 'ue5': <network.ue.UE object at 0x0000025F133237D0>}", "test_id": "e6d9c8ee-93c6-487e-b2e8-b70297b36dc6"}
{"level": "INFO", "timestamp": "2024-07-31 20:36:20", "message": "Found UE instance: <network.ue.UE object at 0x0000025F13315390>", "test_id": "e6d9c8ee-93c6-487e-b2e8-b70297b36dc6"}
{"level": "INFO", "timestamp": "2024-07-31 20:36:20", "message": "UE instance ID: 2607367148432", "test_id": "e6d9c8ee-93c6-487e-b2e8-b70297b36dc6"}
{"level": "INFO", "timestamp": "2024-07-31 20:36:20", "message": "Looking for UE with ID: ue5", "test_id": "e6d9c8ee-93c6-487e-b2e8-b70297b36dc6"}
{"level": "INFO", "timestamp": "2024-07-31 20:36:20", "message": "Contents of ues dictionary: {'ue1': <network.ue.UE object at 0x0000025F13316E50>, 'ue2': <network.ue.UE object at 0x0000025F13318650>, 'ue3': <network.ue.UE object at 0x0000025F133169D0>, 'ue4': <network.ue.UE object at 0x0000025F13315390>, 'ue5': <network.ue.UE object at 0x0000025F133237D0>}", "test_id": "e6d9c8ee-93c6-487e-b2e8-b70297b36dc6"}
{"level": "INFO", "timestamp": "2024-07-31 20:36:20", "message": "Found UE instance: <network.ue.UE object at 0x0000025F133237D0>", "test_id": "e6d9c8ee-93c6-487e-b2e8-b70297b36dc6"}
{"level": "INFO", "timestamp": "2024-07-31 20:36:20", "message": "UE instance ID: 2607367206864", "test_id": "e6d9c8ee-93c6-487e-b2e8-b70297b36dc6"}
{"level": "INFO", "timestamp": "2024-07-31 20:36:20", "message": "Looking for UE with ID: ue1", "test_id": "e6d9c8ee-93c6-487e-b2e8-b70297b36dc6"}
{"level": "INFO", "timestamp": "2024-07-31 20:36:20", "message": "Contents of ues dictionary: {'ue1': <network.ue.UE object at 0x0000025F13316E50>, 'ue2': <network.ue.UE object at 0x0000025F13318650>, 'ue3': <network.ue.UE object at 0x0000025F133169D0>, 'ue4': <network.ue.UE object at 0x0000025F13315390>, 'ue5': <network.ue.UE object at 0x0000025F133237D0>}", "test_id": "e6d9c8ee-93c6-487e-b2e8-b70297b36dc6"}
{"level": "INFO", "timestamp": "2024-07-31 20:36:20", "message": "Found UE instance: <network.ue.UE object at 0x0000025F13316E50>", "test_id": "e6d9c8ee-93c6-487e-b2e8-b70297b36dc6"}
{"level": "INFO", "timestamp": "2024-07-31 20:36:20", "message": "UE instance ID: 2607367155280", "test_id": "e6d9c8ee-93c6-487e-b2e8-b70297b36dc6"}
{"level": "INFO", "timestamp": "2024-07-31 20:36:20", "message": "Looking for UE with ID: ue2", "test_id": "e6d9c8ee-93c6-487e-b2e8-b70297b36dc6"}
{"level": "INFO", "timestamp": "2024-07-31 20:36:20", "message": "Contents of ues dictionary: {'ue1': <network.ue.UE object at 0x0000025F13316E50>, 'ue2': <network.ue.UE object at 0x0000025F13318650>, 'ue3': <network.ue.UE object at 0x0000025F133169D0>, 'ue4': <network.ue.UE object at 0x0000025F13315390>, 'ue5': <network.ue.UE object at 0x0000025F133237D0>}", "test_id": "e6d9c8ee-93c6-487e-b2e8-b70297b36dc6"}
{"level": "INFO", "timestamp": "2024-07-31 20:36:20", "message": "Found UE instance: <network.ue.UE object at 0x0000025F13318650>", "test_id": "e6d9c8ee-93c6-487e-b2e8-b70297b36dc6"}
{"level": "INFO", "timestamp": "2024-07-31 20:36:20", "message": "UE instance ID: 2607367161424", "test_id": "e6d9c8ee-93c6-487e-b2e8-b70297b36dc6"}
{"level": "INFO", "timestamp": "2024-07-31 20:36:20", "message": "Looking for UE with ID: ue3", "test_id": "e6d9c8ee-93c6-487e-b2e8-b70297b36dc6"}
{"level": "INFO", "timestamp": "2024-07-31 20:36:20", "message": "Contents of ues dictionary: {'ue1': <network.ue.UE object at 0x0000025F13316E50>, 'ue2': <network.ue.UE object at 0x0000025F13318650>, 'ue3': <network.ue.UE object at 0x0000025F133169D0>, 'ue4': <network.ue.UE object at 0x0000025F13315390>, 'ue5': <network.ue.UE object at 0x0000025F133237D0>}", "test_id": "e6d9c8ee-93c6-487e-b2e8-b70297b36dc6"}
{"level": "INFO", "timestamp": "2024-07-31 20:36:20", "message": "Found UE instance: <network.ue.UE object at 0x0000025F133169D0>", "test_id": "e6d9c8ee-93c6-487e-b2e8-b70297b36dc6"}
{"level": "INFO", "timestamp": "2024-07-31 20:36:20", "message": "UE instance ID: 2607367154128", "test_id": "e6d9c8ee-93c6-487e-b2e8-b70297b36dc6"}
{"level": "INFO", "timestamp": "2024-07-31 20:36:20", "message": "Looking for UE with ID: ue4", "test_id": "e6d9c8ee-93c6-487e-b2e8-b70297b36dc6"}
{"level": "INFO", "timestamp": "2024-07-31 20:36:20", "message": "Contents of ues dictionary: {'ue1': <network.ue.UE object at 0x0000025F13316E50>, 'ue2': <network.ue.UE object at 0x0000025F13318650>, 'ue3': <network.ue.UE object at 0x0000025F133169D0>, 'ue4': <network.ue.UE object at 0x0000025F13315390>, 'ue5': <network.ue.UE object at 0x0000025F133237D0>}", "test_id": "e6d9c8ee-93c6-487e-b2e8-b70297b36dc6"}
{"level": "INFO", "timestamp": "2024-07-31 20:36:20", "message": "Found UE instance: <network.ue.UE object at 0x0000025F13315390>", "test_id": "e6d9c8ee-93c6-487e-b2e8-b70297b36dc6"}
{"level": "INFO", "timestamp": "2024-07-31 20:36:20", "message": "UE instance ID: 2607367148432", "test_id": "e6d9c8ee-93c6-487e-b2e8-b70297b36dc6"}
{"level": "INFO", "timestamp": "2024-07-31 20:36:20", "message": "Looking for UE with ID: ue5", "test_id": "e6d9c8ee-93c6-487e-b2e8-b70297b36dc6"}
{"level": "INFO", "timestamp": "2024-07-31 20:36:20", "message": "Contents of ues dictionary: {'ue1': <network.ue.UE object at 0x0000025F13316E50>, 'ue2': <network.ue.UE object at 0x0000025F13318650>, 'ue3': <network.ue.UE object at 0x0000025F133169D0>, 'ue4': <network.ue.UE object at 0x0000025F13315390>, 'ue5': <network.ue.UE object at 0x0000025F133237D0>}", "test_id": "e6d9c8ee-93c6-487e-b2e8-b70297b36dc6"}
{"level": "INFO", "timestamp": "2024-07-31 20:36:20", "message": "Found UE instance: <network.ue.UE object at 0x0000025F133237D0>", "test_id": "e6d9c8ee-93c6-487e-b2e8-b70297b36dc6"}
{"level": "INFO", "timestamp": "2024-07-31 20:36:20", "message": "UE instance ID: 2607367206864", "test_id": "e6d9c8ee-93c6-487e-b2e8-b70297b36dc6"}
{"level": "INFO", "timestamp": "2024-07-31 20:36:20", "message": "Looking for UE with ID: ue1", "test_id": "e6d9c8ee-93c6-487e-b2e8-b70297b36dc6"}
{"level": "INFO", "timestamp": "2024-07-31 20:36:20", "message": "Contents of ues dictionary: {'ue1': <network.ue.UE object at 0x0000025F13316E50>, 'ue2': <network.ue.UE object at 0x0000025F13318650>, 'ue3': <network.ue.UE object at 0x0000025F133169D0>, 'ue4': <network.ue.UE object at 0x0000025F13315390>, 'ue5': <network.ue.UE object at 0x0000025F133237D0>}", "test_id": "e6d9c8ee-93c6-487e-b2e8-b70297b36dc6"}
{"level": "INFO", "timestamp": "2024-07-31 20:36:20", "message": "Found UE instance: <network.ue.UE object at 0x0000025F13316E50>", "test_id": "e6d9c8ee-93c6-487e-b2e8-b70297b36dc6"}
{"level": "INFO", "timestamp": "2024-07-31 20:36:20", "message": "UE instance ID: 2607367155280", "test_id": "e6d9c8ee-93c6-487e-b2e8-b70297b36dc6"}
{"level": "INFO", "timestamp": "2024-07-31 20:36:20", "message": "Looking for UE with ID: ue2", "test_id": "e6d9c8ee-93c6-487e-b2e8-b70297b36dc6"}
{"level": "INFO", "timestamp": "2024-07-31 20:36:20", "message": "Contents of ues dictionary: {'ue1': <network.ue.UE object at 0x0000025F13316E50>, 'ue2': <network.ue.UE object at 0x0000025F13318650>, 'ue3': <network.ue.UE object at 0x0000025F133169D0>, 'ue4': <network.ue.UE object at 0x0000025F13315390>, 'ue5': <network.ue.UE object at 0x0000025F133237D0>}", "test_id": "e6d9c8ee-93c6-487e-b2e8-b70297b36dc6"}
{"level": "INFO", "timestamp": "2024-07-31 20:36:20", "message": "Found UE instance: <network.ue.UE object at 0x0000025F13318650>", "test_id": "e6d9c8ee-93c6-487e-b2e8-b70297b36dc6"}
{"level": "INFO", "timestamp": "2024-07-31 20:36:20", "message": "UE instance ID: 2607367161424", "test_id": "e6d9c8ee-93c6-487e-b2e8-b70297b36dc6"}
{"level": "INFO", "timestamp": "2024-07-31 20:36:20", "message": "Looking for UE with ID: ue3", "test_id": "e6d9c8ee-93c6-487e-b2e8-b70297b36dc6"}
{"level": "INFO", "timestamp": "2024-07-31 20:36:20", "message": "Contents of ues dictionary: {'ue1': <network.ue.UE object at 0x0000025F13316E50>, 'ue2': <network.ue.UE object at 0x0000025F13318650>, 'ue3': <network.ue.UE object at 0x0000025F133169D0>, 'ue4': <network.ue.UE object at 0x0000025F13315390>, 'ue5': <network.ue.UE object at 0x0000025F133237D0>}", "test_id": "e6d9c8ee-93c6-487e-b2e8-b70297b36dc6"}
{"level": "INFO", "timestamp": "2024-07-31 20:36:20", "message": "Found UE instance: <network.ue.UE object at 0x0000025F133169D0>", "test_id": "e6d9c8ee-93c6-487e-b2e8-b70297b36dc6"}
{"level": "INFO", "timestamp": "2024-07-31 20:36:20", "message": "UE instance ID: 2607367154128", "test_id": "e6d9c8ee-93c6-487e-b2e8-b70297b36dc6"}
{"level": "INFO", "timestamp": "2024-07-31 20:36:20", "message": "Looking for UE with ID: ue4", "test_id": "e6d9c8ee-93c6-487e-b2e8-b70297b36dc6"}
{"level": "INFO", "timestamp": "2024-07-31 20:36:20", "message": "Contents of ues dictionary: {'ue1': <network.ue.UE object at 0x0000025F13316E50>, 'ue2': <network.ue.UE object at 0x0000025F13318650>, 'ue3': <network.ue.UE object at 0x0000025F133169D0>, 'ue4': <network.ue.UE object at 0x0000025F13315390>, 'ue5': <network.ue.UE object at 0x0000025F133237D0>}", "test_id": "e6d9c8ee-93c6-487e-b2e8-b70297b36dc6"}
{"level": "INFO", "timestamp": "2024-07-31 20:36:20", "message": "Found UE instance: <network.ue.UE object at 0x0000025F13315390>", "test_id": "e6d9c8ee-93c6-487e-b2e8-b70297b36dc6"}
{"level": "INFO", "timestamp": "2024-07-31 20:36:20", "message": "UE instance ID: 2607367148432", "test_id": "e6d9c8ee-93c6-487e-b2e8-b70297b36dc6"}
{"level": "INFO", "timestamp": "2024-07-31 20:36:20", "message": "Looking for UE with ID: ue5", "test_id": "e6d9c8ee-93c6-487e-b2e8-b70297b36dc6"}
{"level": "INFO", "timestamp": "2024-07-31 20:36:20", "message": "Contents of ues dictionary: {'ue1': <network.ue.UE object at 0x0000025F13316E50>, 'ue2': <network.ue.UE object at 0x0000025F13318650>, 'ue3': <network.ue.UE object at 0x0000025F133169D0>, 'ue4': <network.ue.UE object at 0x0000025F13315390>, 'ue5': <network.ue.UE object at 0x0000025F133237D0>}", "test_id": "e6d9c8ee-93c6-487e-b2e8-b70297b36dc6"}
{"level": "INFO", "timestamp": "2024-07-31 20:36:20", "message": "Found UE instance: <network.ue.UE object at 0x0000025F133237D0>", "test_id": "e6d9c8ee-93c6-487e-b2e8-b70297b36dc6"}
{"level": "INFO", "timestamp": "2024-07-31 20:36:20", "message": "UE instance ID: 2607367206864", "test_id": "e6d9c8ee-93c6-487e-b2e8-b70297b36dc6"}
{"level": "INFO", "timestamp": "2024-07-31 20:36:20", "message": "Looking for UE with ID: ue1", "test_id": "e6d9c8ee-93c6-487e-b2e8-b70297b36dc6"}
{"level": "INFO", "timestamp": "2024-07-31 20:36:20", "message": "Contents of ues dictionary: {'ue1': <network.ue.UE object at 0x0000025F13316E50>, 'ue2': <network.ue.UE object at 0x0000025F13318650>, 'ue3': <network.ue.UE object at 0x0000025F133169D0>, 'ue4': <network.ue.UE object at 0x0000025F13315390>, 'ue5': <network.ue.UE object at 0x0000025F133237D0>}", "test_id": "e6d9c8ee-93c6-487e-b2e8-b70297b36dc6"}
{"level": "INFO", "timestamp": "2024-07-31 20:36:20", "message": "Found UE instance: <network.ue.UE object at 0x0000025F13316E50>", "test_id": "e6d9c8ee-93c6-487e-b2e8-b70297b36dc6"}
{"level": "INFO", "timestamp": "2024-07-31 20:36:20", "message": "UE instance ID: 2607367155280", "test_id": "e6d9c8ee-93c6-487e-b2e8-b70297b36dc6"}
{"level": "INFO", "timestamp": "2024-07-31 20:36:20", "message": "Looking for UE with ID: ue2", "test_id": "e6d9c8ee-93c6-487e-b2e8-b70297b36dc6"}
{"level": "INFO", "timestamp": "2024-07-31 20:36:20", "message": "Contents of ues dictionary: {'ue1': <network.ue.UE object at 0x0000025F13316E50>, 'ue2': <network.ue.UE object at 0x0000025F13318650>, 'ue3': <network.ue.UE object at 0x0000025F133169D0>, 'ue4': <network.ue.UE object at 0x0000025F13315390>, 'ue5': <network.ue.UE object at 0x0000025F133237D0>}", "test_id": "e6d9c8ee-93c6-487e-b2e8-b70297b36dc6"}
{"level": "INFO", "timestamp": "2024-07-31 20:36:20", "message": "Found UE instance: <network.ue.UE object at 0x0000025F13318650>", "test_id": "e6d9c8ee-93c6-487e-b2e8-b70297b36dc6"}
{"level": "INFO", "timestamp": "2024-07-31 20:36:20", "message": "UE instance ID: 2607367161424", "test_id": "e6d9c8ee-93c6-487e-b2e8-b70297b36dc6"}
{"level": "INFO", "timestamp": "2024-07-31 20:36:20", "message": "Looking for UE with ID: ue3", "test_id": "e6d9c8ee-93c6-487e-b2e8-b70297b36dc6"}
{"level": "INFO", "timestamp": "2024-07-31 20:36:20", "message": "Contents of ues dictionary: {'ue1': <network.ue.UE object at 0x0000025F13316E50>, 'ue2': <network.ue.UE object at 0x0000025F13318650>, 'ue3': <network.ue.UE object at 0x0000025F133169D0>, 'ue4': <network.ue.UE object at 0x0000025F13315390>, 'ue5': <network.ue.UE object at 0x0000025F133237D0>}", "test_id": "e6d9c8ee-93c6-487e-b2e8-b70297b36dc6"}
{"level": "INFO", "timestamp": "2024-07-31 20:36:20", "message": "Found UE instance: <network.ue.UE object at 0x0000025F133169D0>", "test_id": "e6d9c8ee-93c6-487e-b2e8-b70297b36dc6"}
{"level": "INFO", "timestamp": "2024-07-31 20:36:20", "message": "UE instance ID: 2607367154128", "test_id": "e6d9c8ee-93c6-487e-b2e8-b70297b36dc6"}
{"level": "INFO", "timestamp": "2024-07-31 20:36:20", "message": "Looking for UE with ID: ue4", "test_id": "e6d9c8ee-93c6-487e-b2e8-b70297b36dc6"}
{"level": "INFO", "timestamp": "2024-07-31 20:36:20", "message": "Contents of ues dictionary: {'ue1': <network.ue.UE object at 0x0000025F13316E50>, 'ue2': <network.ue.UE object at 0x0000025F13318650>, 'ue3': <network.ue.UE object at 0x0000025F133169D0>, 'ue4': <network.ue.UE object at 0x0000025F13315390>, 'ue5': <network.ue.UE object at 0x0000025F133237D0>}", "test_id": "e6d9c8ee-93c6-487e-b2e8-b70297b36dc6"}
{"level": "INFO", "timestamp": "2024-07-31 20:36:20", "message": "Found UE instance: <network.ue.UE object at 0x0000025F13315390>", "test_id": "e6d9c8ee-93c6-487e-b2e8-b70297b36dc6"}
{"level": "INFO", "timestamp": "2024-07-31 20:36:20", "message": "UE instance ID: 2607367148432", "test_id": "e6d9c8ee-93c6-487e-b2e8-b70297b36dc6"}
{"level": "INFO", "timestamp": "2024-07-31 20:36:20", "message": "Looking for UE with ID: ue5", "test_id": "e6d9c8ee-93c6-487e-b2e8-b70297b36dc6"}
{"level": "INFO", "timestamp": "2024-07-31 20:36:20", "message": "Contents of ues dictionary: {'ue1': <network.ue.UE object at 0x0000025F13316E50>, 'ue2': <network.ue.UE object at 0x0000025F13318650>, 'ue3': <network.ue.UE object at 0x0000025F133169D0>, 'ue4': <network.ue.UE object at 0x0000025F13315390>, 'ue5': <network.ue.UE object at 0x0000025F133237D0>}", "test_id": "e6d9c8ee-93c6-487e-b2e8-b70297b36dc6"}
{"level": "INFO", "timestamp": "2024-07-31 20:36:20", "message": "Found UE instance: <network.ue.UE object at 0x0000025F133237D0>", "test_id": "e6d9c8ee-93c6-487e-b2e8-b70297b36dc6"}
{"level": "INFO", "timestamp": "2024-07-31 20:36:20", "message": "UE instance ID: 2607367206864", "test_id": "e6d9c8ee-93c6-487e-b2e8-b70297b36dc6"}
{"level": "INFO", "timestamp": "2024-07-31 20:36:20", "message": "Looking for UE with ID: ue1", "test_id": "e6d9c8ee-93c6-487e-b2e8-b70297b36dc6"}
{"level": "INFO", "timestamp": "2024-07-31 20:36:20", "message": "Contents of ues dictionary: {'ue1': <network.ue.UE object at 0x0000025F13316E50>, 'ue2': <network.ue.UE object at 0x0000025F13318650>, 'ue3': <network.ue.UE object at 0x0000025F133169D0>, 'ue4': <network.ue.UE object at 0x0000025F13315390>, 'ue5': <network.ue.UE object at 0x0000025F133237D0>}", "test_id": "e6d9c8ee-93c6-487e-b2e8-b70297b36dc6"}
{"level": "INFO", "timestamp": "2024-07-31 20:36:20", "message": "Found UE instance: <network.ue.UE object at 0x0000025F13316E50>", "test_id": "e6d9c8ee-93c6-487e-b2e8-b70297b36dc6"}
{"level": "INFO", "timestamp": "2024-07-31 20:36:20", "message": "UE instance ID: 2607367155280", "test_id": "e6d9c8ee-93c6-487e-b2e8-b70297b36dc6"}
{"level": "INFO", "timestamp": "2024-07-31 20:36:20", "message": "Looking for UE with ID: ue2", "test_id": "e6d9c8ee-93c6-487e-b2e8-b70297b36dc6"}
{"level": "INFO", "timestamp": "2024-07-31 20:36:20", "message": "Contents of ues dictionary: {'ue1': <network.ue.UE object at 0x0000025F13316E50>, 'ue2': <network.ue.UE object at 0x0000025F13318650>, 'ue3': <network.ue.UE object at 0x0000025F133169D0>, 'ue4': <network.ue.UE object at 0x0000025F13315390>, 'ue5': <network.ue.UE object at 0x0000025F133237D0>}", "test_id": "e6d9c8ee-93c6-487e-b2e8-b70297b36dc6"}
{"level": "INFO", "timestamp": "2024-07-31 20:36:20", "message": "Found UE instance: <network.ue.UE object at 0x0000025F13318650>", "test_id": "e6d9c8ee-93c6-487e-b2e8-b70297b36dc6"}
{"level": "INFO", "timestamp": "2024-07-31 20:36:20", "message": "UE instance ID: 2607367161424", "test_id": "e6d9c8ee-93c6-487e-b2e8-b70297b36dc6"}
{"level": "INFO", "timestamp": "2024-07-31 20:36:20", "message": "Looking for UE with ID: ue3", "test_id": "e6d9c8ee-93c6-487e-b2e8-b70297b36dc6"}
{"level": "INFO", "timestamp": "2024-07-31 20:36:20", "message": "Contents of ues dictionary: {'ue1': <network.ue.UE object at 0x0000025F13316E50>, 'ue2': <network.ue.UE object at 0x0000025F13318650>, 'ue3': <network.ue.UE object at 0x0000025F133169D0>, 'ue4': <network.ue.UE object at 0x0000025F13315390>, 'ue5': <network.ue.UE object at 0x0000025F133237D0>}", "test_id": "e6d9c8ee-93c6-487e-b2e8-b70297b36dc6"}
{"level": "INFO", "timestamp": "2024-07-31 20:36:20", "message": "Found UE instance: <network.ue.UE object at 0x0000025F133169D0>", "test_id": "e6d9c8ee-93c6-487e-b2e8-b70297b36dc6"}
{"level": "INFO", "timestamp": "2024-07-31 20:36:20", "message": "UE instance ID: 2607367154128", "test_id": "e6d9c8ee-93c6-487e-b2e8-b70297b36dc6"}
{"level": "INFO", "timestamp": "2024-07-31 20:36:20", "message": "Looking for UE with ID: ue4", "test_id": "e6d9c8ee-93c6-487e-b2e8-b70297b36dc6"}
{"level": "INFO", "timestamp": "2024-07-31 20:36:20", "message": "Contents of ues dictionary: {'ue1': <network.ue.UE object at 0x0000025F13316E50>, 'ue2': <network.ue.UE object at 0x0000025F13318650>, 'ue3': <network.ue.UE object at 0x0000025F133169D0>, 'ue4': <network.ue.UE object at 0x0000025F13315390>, 'ue5': <network.ue.UE object at 0x0000025F133237D0>}", "test_id": "e6d9c8ee-93c6-487e-b2e8-b70297b36dc6"}
{"level": "INFO", "timestamp": "2024-07-31 20:36:20", "message": "Found UE instance: <network.ue.UE object at 0x0000025F13315390>", "test_id": "e6d9c8ee-93c6-487e-b2e8-b70297b36dc6"}
{"level": "INFO", "timestamp": "2024-07-31 20:36:20", "message": "UE instance ID: 2607367148432", "test_id": "e6d9c8ee-93c6-487e-b2e8-b70297b36dc6"}
{"level": "INFO", "timestamp": "2024-07-31 20:36:20", "message": "Looking for UE with ID: ue5", "test_id": "e6d9c8ee-93c6-487e-b2e8-b70297b36dc6"}
{"level": "INFO", "timestamp": "2024-07-31 20:36:20", "message": "Contents of ues dictionary: {'ue1': <network.ue.UE object at 0x0000025F13316E50>, 'ue2': <network.ue.UE object at 0x0000025F13318650>, 'ue3': <network.ue.UE object at 0x0000025F133169D0>, 'ue4': <network.ue.UE object at 0x0000025F13315390>, 'ue5': <network.ue.UE object at 0x0000025F133237D0>}", "test_id": "e6d9c8ee-93c6-487e-b2e8-b70297b36dc6"}
{"level": "INFO", "timestamp": "2024-07-31 20:36:20", "message": "Found UE instance: <network.ue.UE object at 0x0000025F133237D0>", "test_id": "e6d9c8ee-93c6-487e-b2e8-b70297b36dc6"}
{"level": "INFO", "timestamp": "2024-07-31 20:36:20", "message": "UE instance ID: 2607367206864", "test_id": "e6d9c8ee-93c6-487e-b2e8-b70297b36dc6"}
{"level": "INFO", "timestamp": "2024-07-31 20:36:20", "message": "Looking for UE with ID: ue1", "test_id": "e6d9c8ee-93c6-487e-b2e8-b70297b36dc6"}
{"level": "INFO", "timestamp": "2024-07-31 20:36:20", "message": "Contents of ues dictionary: {'ue1': <network.ue.UE object at 0x0000025F13316E50>, 'ue2': <network.ue.UE object at 0x0000025F13318650>, 'ue3': <network.ue.UE object at 0x0000025F133169D0>, 'ue4': <network.ue.UE object at 0x0000025F13315390>, 'ue5': <network.ue.UE object at 0x0000025F133237D0>}", "test_id": "e6d9c8ee-93c6-487e-b2e8-b70297b36dc6"}
{"level": "INFO", "timestamp": "2024-07-31 20:36:20", "message": "Found UE instance: <network.ue.UE object at 0x0000025F13316E50>", "test_id": "e6d9c8ee-93c6-487e-b2e8-b70297b36dc6"}
{"level": "INFO", "timestamp": "2024-07-31 20:36:20", "message": "UE instance ID: 2607367155280", "test_id": "e6d9c8ee-93c6-487e-b2e8-b70297b36dc6"}
{"level": "INFO", "timestamp": "2024-07-31 20:36:20", "message": "Looking for UE with ID: ue2", "test_id": "e6d9c8ee-93c6-487e-b2e8-b70297b36dc6"}
{"level": "INFO", "timestamp": "2024-07-31 20:36:20", "message": "Contents of ues dictionary: {'ue1': <network.ue.UE object at 0x0000025F13316E50>, 'ue2': <network.ue.UE object at 0x0000025F13318650>, 'ue3': <network.ue.UE object at 0x0000025F133169D0>, 'ue4': <network.ue.UE object at 0x0000025F13315390>, 'ue5': <network.ue.UE object at 0x0000025F133237D0>}", "test_id": "e6d9c8ee-93c6-487e-b2e8-b70297b36dc6"}
{"level": "INFO", "timestamp": "2024-07-31 20:36:20", "message": "Found UE instance: <network.ue.UE object at 0x0000025F13318650>", "test_id": "e6d9c8ee-93c6-487e-b2e8-b70297b36dc6"}
{"level": "INFO", "timestamp": "2024-07-31 20:36:20", "message": "UE instance ID: 2607367161424", "test_id": "e6d9c8ee-93c6-487e-b2e8-b70297b36dc6"}
{"level": "INFO", "timestamp": "2024-07-31 20:36:20", "message": "Looking for UE with ID: ue3", "test_id": "e6d9c8ee-93c6-487e-b2e8-b70297b36dc6"}
{"level": "INFO", "timestamp": "2024-07-31 20:36:20", "message": "Contents of ues dictionary: {'ue1': <network.ue.UE object at 0x0000025F13316E50>, 'ue2': <network.ue.UE object at 0x0000025F13318650>, 'ue3': <network.ue.UE object at 0x0000025F133169D0>, 'ue4': <network.ue.UE object at 0x0000025F13315390>, 'ue5': <network.ue.UE object at 0x0000025F133237D0>}", "test_id": "e6d9c8ee-93c6-487e-b2e8-b70297b36dc6"}
{"level": "INFO", "timestamp": "2024-07-31 20:36:20", "message": "Found UE instance: <network.ue.UE object at 0x0000025F133169D0>", "test_id": "e6d9c8ee-93c6-487e-b2e8-b70297b36dc6"}
{"level": "INFO", "timestamp": "2024-07-31 20:36:20", "message": "UE instance ID: 2607367154128", "test_id": "e6d9c8ee-93c6-487e-b2e8-b70297b36dc6"}
{"level": "INFO", "timestamp": "2024-07-31 20:36:20", "message": "Looking for UE with ID: ue4", "test_id": "e6d9c8ee-93c6-487e-b2e8-b70297b36dc6"}
{"level": "INFO", "timestamp": "2024-07-31 20:36:20", "message": "Contents of ues dictionary: {'ue1': <network.ue.UE object at 0x0000025F13316E50>, 'ue2': <network.ue.UE object at 0x0000025F13318650>, 'ue3': <network.ue.UE object at 0x0000025F133169D0>, 'ue4': <network.ue.UE object at 0x0000025F13315390>, 'ue5': <network.ue.UE object at 0x0000025F133237D0>}", "test_id": "e6d9c8ee-93c6-487e-b2e8-b70297b36dc6"}
{"level": "INFO", "timestamp": "2024-07-31 20:36:20", "message": "Found UE instance: <network.ue.UE object at 0x0000025F13315390>", "test_id": "e6d9c8ee-93c6-487e-b2e8-b70297b36dc6"}
{"level": "INFO", "timestamp": "2024-07-31 20:36:20", "message": "UE instance ID: 2607367148432", "test_id": "e6d9c8ee-93c6-487e-b2e8-b70297b36dc6"}
{"level": "INFO", "timestamp": "2024-07-31 20:36:20", "message": "Looking for UE with ID: ue5", "test_id": "e6d9c8ee-93c6-487e-b2e8-b70297b36dc6"}
{"level": "INFO", "timestamp": "2024-07-31 20:36:20", "message": "Contents of ues dictionary: {'ue1': <network.ue.UE object at 0x0000025F13316E50>, 'ue2': <network.ue.UE object at 0x0000025F13318650>, 'ue3': <network.ue.UE object at 0x0000025F133169D0>, 'ue4': <network.ue.UE object at 0x0000025F13315390>, 'ue5': <network.ue.UE object at 0x0000025F133237D0>}", "test_id": "e6d9c8ee-93c6-487e-b2e8-b70297b36dc6"}
{"level": "INFO", "timestamp": "2024-07-31 20:36:20", "message": "Found UE instance: <network.ue.UE object at 0x0000025F133237D0>", "test_id": "e6d9c8ee-93c6-487e-b2e8-b70297b36dc6"}
{"level": "INFO", "timestamp": "2024-07-31 20:36:20", "message": "UE instance ID: 2607367206864", "test_id": "e6d9c8ee-93c6-487e-b2e8-b70297b36dc6"}
{"level": "INFO", "timestamp": "2024-07-31 20:36:20", "message": "Looking for UE with ID: ue1", "test_id": "e6d9c8ee-93c6-487e-b2e8-b70297b36dc6"}
{"level": "INFO", "timestamp": "2024-07-31 20:36:20", "message": "Contents of ues dictionary: {'ue1': <network.ue.UE object at 0x0000025F13316E50>, 'ue2': <network.ue.UE object at 0x0000025F13318650>, 'ue3': <network.ue.UE object at 0x0000025F133169D0>, 'ue4': <network.ue.UE object at 0x0000025F13315390>, 'ue5': <network.ue.UE object at 0x0000025F133237D0>}", "test_id": "e6d9c8ee-93c6-487e-b2e8-b70297b36dc6"}
{"level": "INFO", "timestamp": "2024-07-31 20:36:20", "message": "Found UE instance: <network.ue.UE object at 0x0000025F13316E50>", "test_id": "e6d9c8ee-93c6-487e-b2e8-b70297b36dc6"}
{"level": "INFO", "timestamp": "2024-07-31 20:36:20", "message": "UE instance ID: 2607367155280", "test_id": "e6d9c8ee-93c6-487e-b2e8-b70297b36dc6"}
{"level": "INFO", "timestamp": "2024-07-31 20:36:20", "message": "Looking for UE with ID: ue2", "test_id": "e6d9c8ee-93c6-487e-b2e8-b70297b36dc6"}
{"level": "INFO", "timestamp": "2024-07-31 20:36:20", "message": "Contents of ues dictionary: {'ue1': <network.ue.UE object at 0x0000025F13316E50>, 'ue2': <network.ue.UE object at 0x0000025F13318650>, 'ue3': <network.ue.UE object at 0x0000025F133169D0>, 'ue4': <network.ue.UE object at 0x0000025F13315390>, 'ue5': <network.ue.UE object at 0x0000025F133237D0>}", "test_id": "e6d9c8ee-93c6-487e-b2e8-b70297b36dc6"}
{"level": "INFO", "timestamp": "2024-07-31 20:36:20", "message": "Found UE instance: <network.ue.UE object at 0x0000025F13318650>", "test_id": "e6d9c8ee-93c6-487e-b2e8-b70297b36dc6"}
{"level": "INFO", "timestamp": "2024-07-31 20:36:20", "message": "UE instance ID: 2607367161424", "test_id": "e6d9c8ee-93c6-487e-b2e8-b70297b36dc6"}
{"level": "INFO", "timestamp": "2024-07-31 20:36:20", "message": "Looking for UE with ID: ue3", "test_id": "e6d9c8ee-93c6-487e-b2e8-b70297b36dc6"}
{"level": "INFO", "timestamp": "2024-07-31 20:36:20", "message": "Contents of ues dictionary: {'ue1': <network.ue.UE object at 0x0000025F13316E50>, 'ue2': <network.ue.UE object at 0x0000025F13318650>, 'ue3': <network.ue.UE object at 0x0000025F133169D0>, 'ue4': <network.ue.UE object at 0x0000025F13315390>, 'ue5': <network.ue.UE object at 0x0000025F133237D0>}", "test_id": "e6d9c8ee-93c6-487e-b2e8-b70297b36dc6"}
{"level": "INFO", "timestamp": "2024-07-31 20:36:20", "message": "Found UE instance: <network.ue.UE object at 0x0000025F133169D0>", "test_id": "e6d9c8ee-93c6-487e-b2e8-b70297b36dc6"}
{"level": "INFO", "timestamp": "2024-07-31 20:36:20", "message": "UE instance ID: 2607367154128", "test_id": "e6d9c8ee-93c6-487e-b2e8-b70297b36dc6"}
{"level": "INFO", "timestamp": "2024-07-31 20:36:20", "message": "Looking for UE with ID: ue4", "test_id": "e6d9c8ee-93c6-487e-b2e8-b70297b36dc6"}
{"level": "INFO", "timestamp": "2024-07-31 20:36:20", "message": "Contents of ues dictionary: {'ue1': <network.ue.UE object at 0x0000025F13316E50>, 'ue2': <network.ue.UE object at 0x0000025F13318650>, 'ue3': <network.ue.UE object at 0x0000025F133169D0>, 'ue4': <network.ue.UE object at 0x0000025F13315390>, 'ue5': <network.ue.UE object at 0x0000025F133237D0>}", "test_id": "e6d9c8ee-93c6-487e-b2e8-b70297b36dc6"}
{"level": "INFO", "timestamp": "2024-07-31 20:36:20", "message": "Found UE instance: <network.ue.UE object at 0x0000025F13315390>", "test_id": "e6d9c8ee-93c6-487e-b2e8-b70297b36dc6"}
{"level": "INFO", "timestamp": "2024-07-31 20:36:20", "message": "UE instance ID: 2607367148432", "test_id": "e6d9c8ee-93c6-487e-b2e8-b70297b36dc6"}
{"level": "INFO", "timestamp": "2024-07-31 20:36:20", "message": "Looking for UE with ID: ue5", "test_id": "e6d9c8ee-93c6-487e-b2e8-b70297b36dc6"}
{"level": "INFO", "timestamp": "2024-07-31 20:36:20", "message": "Contents of ues dictionary: {'ue1': <network.ue.UE object at 0x0000025F13316E50>, 'ue2': <network.ue.UE object at 0x0000025F13318650>, 'ue3': <network.ue.UE object at 0x0000025F133169D0>, 'ue4': <network.ue.UE object at 0x0000025F13315390>, 'ue5': <network.ue.UE object at 0x0000025F133237D0>}", "test_id": "e6d9c8ee-93c6-487e-b2e8-b70297b36dc6"}
{"level": "INFO", "timestamp": "2024-07-31 20:36:20", "message": "Found UE instance: <network.ue.UE object at 0x0000025F133237D0>", "test_id": "e6d9c8ee-93c6-487e-b2e8-b70297b36dc6"}
{"level": "INFO", "timestamp": "2024-07-31 20:36:20", "message": "UE instance ID: 2607367206864", "test_id": "e6d9c8ee-93c6-487e-b2e8-b70297b36dc6"}
